INFO:root:beginning of log file
INFO:root:GITHUB_USERNAME: virenmody
INFO:root:GITHUB_ACCESS_TOKEN: feec9be9b75ded7680e74e1be28b47c50564c2ac
INFO:root:LOCAL_CLONED_REPO_PATH: /home/guillermo/cs540/cloned_repos/
INFO:root:DB_PATH: /home/guillermo/cs540/guillermo_rojas_hernandez_viren_mody_courseproject/src/
INFO:github3:Building a url from ('https://api.github.com', 'search', 'code')
INFO:github3:Missed the cache building the url
DEBUG:github3:GET https://api.github.com/search/code with {'params': {'q': 'filename:jenkinsfile q=node', 'per_page': 10}, 'headers': {}}
DEBUG:urllib3.connectionpool:Starting new HTTPS connection (1): api.github.com
DEBUG:urllib3.connectionpool:https://api.github.com:443 "GET /search/code?q=filename%3Ajenkinsfile+q%3Dnode&per_page=10 HTTP/1.1" 200 None
INFO:github3:JSON was returned
INFO:root:beginning of log file
INFO:root:GITHUB_USERNAME: virenmody
INFO:root:GITHUB_ACCESS_TOKEN: feec9be9b75ded7680e74e1be28b47c50564c2ac
INFO:root:LOCAL_CLONED_REPO_PATH: /home/guillermo/cs540/cloned_repos/
INFO:root:DB_PATH: /home/guillermo/cs540/guillermo_rojas_hernandez_viren_mody_courseproject/src/
INFO:github3:Building a url from ('https://api.github.com', 'search', 'code')
INFO:github3:Missed the cache building the url
DEBUG:github3:GET https://api.github.com/search/code with {'headers': {}, 'params': {'q': 'filename:jenkinsfile q=node', 'per_page': 10}}
DEBUG:urllib3.connectionpool:Starting new HTTPS connection (1): api.github.com
DEBUG:urllib3.connectionpool:https://api.github.com:443 "GET /search/code?q=filename%3Ajenkinsfile+q%3Dnode&per_page=10 HTTP/1.1" 200 None
INFO:github3:JSON was returned
INFO:root:beginning of log file
INFO:root:GITHUB_USERNAME: virenmody
INFO:root:GITHUB_ACCESS_TOKEN: feec9be9b75ded7680e74e1be28b47c50564c2ac
INFO:root:LOCAL_CLONED_REPO_PATH: /home/guillermo/cs540/cloned_repos/
INFO:root:DB_PATH: /home/guillermo/cs540/guillermo_rojas_hernandez_viren_mody_courseproject/src/
INFO:github3:Building a url from ('https://api.github.com', 'search', 'code')
INFO:github3:Missed the cache building the url
DEBUG:github3:GET https://api.github.com/search/code with {'params': {'q': 'filename:jenkinsfile q=node', 'per_page': 10}, 'headers': {}}
DEBUG:urllib3.connectionpool:Starting new HTTPS connection (1): api.github.com
DEBUG:urllib3.connectionpool:https://api.github.com:443 "GET /search/code?q=filename%3Ajenkinsfile+q%3Dnode&per_page=10 HTTP/1.1" 200 None
INFO:github3:JSON was returned
ERROR:root:Attribute HTML not found in item object 
Traceback (most recent call last):
  File "/home/guillermo/cs540/guillermo_rojas_hernandez_viren_mody_courseproject/src/hw3_utils.py", line 54, in search_by_code
    result_url = item.sdfd
  File "/usr/local/lib/python3.5/dist-packages/github3/models.py", line 58, in __getattr__
    raise AttributeError(attribute)
AttributeError: sdfd
INFO:root:beginning of log file
INFO:root:GITHUB_USERNAME: virenmody
INFO:root:GITHUB_ACCESS_TOKEN: feec9be9b75ded7680e74e1be28b47c50564c2ac
INFO:root:LOCAL_CLONED_REPO_PATH: /home/guillermo/cs540/cloned_repos/
INFO:root:DB_PATH: /home/guillermo/cs540/guillermo_rojas_hernandez_viren_mody_courseproject/src/
INFO:github3:Building a url from ('https://api.github.com', 'search', 'code')
INFO:github3:Missed the cache building the url
DEBUG:github3:GET https://api.github.com/search/code with {'params': {'q': 'filename:jenkinsfile q=node', 'per_page': 10}, 'headers': {}}
DEBUG:urllib3.connectionpool:Starting new HTTPS connection (1): api.github.com
DEBUG:urllib3.connectionpool:https://api.github.com:443 "GET /search/code?q=filename%3Ajenkinsfile+q%3Dnode&per_page=10 HTTP/1.1" 200 None
INFO:github3:JSON was returned
ERROR:root:Attribute HTML not found in 'item' object: 
Traceback (most recent call last):
  File "/home/guillermo/cs540/guillermo_rojas_hernandez_viren_mody_courseproject/src/hw3_utils.py", line 54, in search_by_code
    result_url = item.html
  File "/usr/local/lib/python3.5/dist-packages/github3/models.py", line 58, in __getattr__
    raise AttributeError(attribute)
AttributeError: html
INFO:root:beginning of log file
INFO:root:GITHUB_USERNAME: virenmody
INFO:root:GITHUB_ACCESS_TOKEN: feec9be9b75ded7680e74e1be28b47c50564c2ac
INFO:root:LOCAL_CLONED_REPO_PATH: /home/guillermo/cs540/cloned_repos/
INFO:root:DB_PATH: /home/guillermo/cs540/guillermo_rojas_hernandez_viren_mody_courseproject/src/
INFO:github3:Building a url from ('https://api.github.com', 'search', 'code')
INFO:github3:Missed the cache building the url
DEBUG:github3:GET https://api.github.com/search/code with {'headers': {}, 'params': {'per_page': 10, 'q': 'filename:jenkinsfile q=node'}}
DEBUG:urllib3.connectionpool:Starting new HTTPS connection (1): api.github.com
DEBUG:urllib3.connectionpool:https://api.github.com:443 "GET /search/code?per_page=10&q=filename%3Ajenkinsfile+q%3Dnode HTTP/1.1" 200 None
INFO:github3:JSON was returned
ERROR:root:Attribute HTML not found in 'item' object: 
Traceback (most recent call last):
  File "/home/guillermo/cs540/guillermo_rojas_hernandez_viren_mody_courseproject/src/hw3_utils.py", line 54, in search_by_code
    result_url = item.html
  File "/usr/local/lib/python3.5/dist-packages/github3/models.py", line 58, in __getattr__
    raise AttributeError(attribute)
AttributeError: html
INFO:root:beginning of log file
INFO:root:GITHUB_USERNAME: virenmody
INFO:root:GITHUB_ACCESS_TOKEN: feec9be9b75ded7680e74e1be28b47c50564c2ac
INFO:root:LOCAL_CLONED_REPO_PATH: /home/guillermo/cs540/cloned_repos/
INFO:root:DB_PATH: /home/guillermo/cs540/guillermo_rojas_hernandez_viren_mody_courseproject/src/
INFO:github3:Building a url from ('https://api.github.com', 'search', 'code')
INFO:github3:Missed the cache building the url
DEBUG:github3:GET https://api.github.com/search/code with {'params': {'per_page': 10, 'q': 'filename:jenkinsfile q=node'}, 'headers': {}}
DEBUG:urllib3.connectionpool:Starting new HTTPS connection (1): api.github.com
DEBUG:urllib3.connectionpool:https://api.github.com:443 "GET /search/code?per_page=10&q=filename%3Ajenkinsfile+q%3Dnode HTTP/1.1" 200 None
INFO:github3:JSON was returned
DEBUG:github3:GET https://api.github.com/rate_limit with {}
DEBUG:urllib3.connectionpool:https://api.github.com:443 "GET /rate_limit HTTP/1.1" 200 None
INFO:github3:JSON was returned
INFO:root:beginning of log file
INFO:root:GITHUB_USERNAME: virenmody
INFO:root:GITHUB_ACCESS_TOKEN: feec9be9b75ded7680e74e1be28b47c50564c2ac
INFO:root:LOCAL_CLONED_REPO_PATH: /home/guillermo/cs540/cloned_repos/
INFO:root:DB_PATH: /home/guillermo/cs540/guillermo_rojas_hernandez_viren_mody_courseproject/src/
INFO:github3:Building a url from ('https://api.github.com', 'search', 'code')
INFO:github3:Missed the cache building the url
DEBUG:github3:GET https://api.github.com/search/code with {'headers': {}, 'params': {'per_page': 10, 'q': 'filename:jenkinsfile q=node'}}
DEBUG:urllib3.connectionpool:Starting new HTTPS connection (1): api.github.com
DEBUG:urllib3.connectionpool:https://api.github.com:443 "GET /search/code?per_page=10&q=filename%3Ajenkinsfile+q%3Dnode HTTP/1.1" 200 None
INFO:github3:JSON was returned
INFO:root:beginning of log file
INFO:root:GITHUB_USERNAME: virenmody
INFO:root:GITHUB_ACCESS_TOKEN: feec9be9b75ded7680e74e1be28b47c50564c2ac
INFO:root:LOCAL_CLONED_REPO_PATH: /home/guillermo/cs540/cloned_repos/
INFO:root:DB_PATH: /home/guillermo/cs540/guillermo_rojas_hernandez_viren_mody_courseproject/src/
INFO:github3:Building a url from ('https://api.github.com', 'search', 'code')
INFO:github3:Missed the cache building the url
DEBUG:github3:GET https://api.github.com/search/code with {'headers': {}, 'params': {'per_page': 10, 'q': 'filename:jenkinsfile q=node'}}
DEBUG:urllib3.connectionpool:Starting new HTTPS connection (1): api.github.com
DEBUG:urllib3.connectionpool:https://api.github.com:443 "GET /search/code?per_page=10&q=filename%3Ajenkinsfile+q%3Dnode HTTP/1.1" 200 None
INFO:github3:JSON was returned
DEBUG:urllib3.connectionpool:Starting new HTTPS connection (1): raw.githubusercontent.com
DEBUG:urllib3.connectionpool:https://raw.githubusercontent.com:443 "GET /Daxtrange/chamans-tribus/822d93c5f77cd895df001079a85956af5c7ab94b/Jenkinsfile HTTP/1.1" 200 12
INFO:root:beginning of log file
INFO:root:GITHUB_USERNAME: virenmody
INFO:root:GITHUB_ACCESS_TOKEN: feec9be9b75ded7680e74e1be28b47c50564c2ac
INFO:root:LOCAL_CLONED_REPO_PATH: /home/guillermo/cs540/cloned_repos/
INFO:root:DB_PATH: /home/guillermo/cs540/guillermo_rojas_hernandez_viren_mody_courseproject/src/
INFO:github3:Building a url from ('https://api.github.com', 'search', 'code')
INFO:github3:Missed the cache building the url
DEBUG:github3:GET https://api.github.com/search/code with {'params': {'per_page': 10, 'q': 'filename:jenkinsfile q=node'}, 'headers': {}}
DEBUG:urllib3.connectionpool:Starting new HTTPS connection (1): api.github.com
DEBUG:urllib3.connectionpool:https://api.github.com:443 "GET /search/code?per_page=10&q=filename%3Ajenkinsfile+q%3Dnode HTTP/1.1" 200 None
INFO:github3:JSON was returned
DEBUG:urllib3.connectionpool:Starting new HTTPS connection (1): raw.githubusercontent.com
DEBUG:urllib3.connectionpool:https://raw.githubusercontent.com:443 "GET /Daxtrange/chamans-tribus/822d93c5f77cd895df001079a85956af5c7ab94b/Jenkinsfile HTTP/1.1" 200 32
INFO:root:beginning of log file
INFO:root:GITHUB_USERNAME: virenmody
INFO:root:GITHUB_ACCESS_TOKEN: feec9be9b75ded7680e74e1be28b47c50564c2ac
INFO:root:LOCAL_CLONED_REPO_PATH: /home/guillermo/cs540/cloned_repos/
INFO:root:DB_PATH: /home/guillermo/cs540/guillermo_rojas_hernandez_viren_mody_courseproject/src/
INFO:github3:Building a url from ('https://api.github.com', 'search', 'code')
INFO:github3:Missed the cache building the url
DEBUG:github3:GET https://api.github.com/search/code with {'headers': {}, 'params': {'per_page': 10, 'q': 'filename:jenkinsfile q=node'}}
DEBUG:urllib3.connectionpool:Starting new HTTPS connection (1): api.github.com
DEBUG:urllib3.connectionpool:https://api.github.com:443 "GET /search/code?per_page=10&q=filename%3Ajenkinsfile+q%3Dnode HTTP/1.1" 200 None
INFO:github3:JSON was returned
DEBUG:github3:GET https://api.github.com/rate_limit with {}
DEBUG:urllib3.connectionpool:https://api.github.com:443 "GET /rate_limit HTTP/1.1" 200 None
INFO:github3:JSON was returned
DEBUG:github3:GET https://api.github.com/rate_limit with {}
DEBUG:urllib3.connectionpool:Resetting dropped connection: api.github.com
DEBUG:urllib3.connectionpool:https://api.github.com:443 "GET /rate_limit HTTP/1.1" 200 None
INFO:github3:JSON was returned
INFO:root:beginning of log file
INFO:root:GITHUB_USERNAME: virenmody
INFO:root:GITHUB_ACCESS_TOKEN: feec9be9b75ded7680e74e1be28b47c50564c2ac
INFO:root:LOCAL_CLONED_REPO_PATH: /home/guillermo/cs540/cloned_repos/
INFO:root:DB_PATH: /home/guillermo/cs540/guillermo_rojas_hernandez_viren_mody_courseproject/src/
INFO:github3:Building a url from ('https://api.github.com', 'search', 'code')
INFO:github3:Missed the cache building the url
DEBUG:github3:GET https://api.github.com/search/code with {'params': {'q': 'filename:jenkinsfile q=node', 'per_page': 10}, 'headers': {}}
DEBUG:urllib3.connectionpool:Starting new HTTPS connection (1): api.github.com
DEBUG:urllib3.connectionpool:https://api.github.com:443 "GET /search/code?q=filename%3Ajenkinsfile+q%3Dnode&per_page=10 HTTP/1.1" 200 None
INFO:github3:JSON was returned
INFO:root:beginning of log file
INFO:root:GITHUB_USERNAME: virenmody
INFO:root:GITHUB_ACCESS_TOKEN: feec9be9b75ded7680e74e1be28b47c50564c2ac
INFO:root:LOCAL_CLONED_REPO_PATH: /home/guillermo/cs540/cloned_repos/
INFO:root:DB_PATH: /home/guillermo/cs540/guillermo_rojas_hernandez_viren_mody_courseproject/src/
INFO:github3:Building a url from ('https://api.github.com', 'search', 'code')
INFO:github3:Missed the cache building the url
DEBUG:github3:GET https://api.github.com/search/code with {'headers': {}, 'params': {'q': 'filename:jenkinsfile q=node', 'per_page': 10}}
DEBUG:urllib3.connectionpool:Starting new HTTPS connection (1): api.github.com
DEBUG:urllib3.connectionpool:https://api.github.com:443 "GET /search/code?q=filename%3Ajenkinsfile+q%3Dnode&per_page=10 HTTP/1.1" 200 None
INFO:github3:JSON was returned
INFO:root:beginning of log file
INFO:root:GITHUB_USERNAME: virenmody
INFO:root:GITHUB_ACCESS_TOKEN: feec9be9b75ded7680e74e1be28b47c50564c2ac
INFO:root:LOCAL_CLONED_REPO_PATH: /home/guillermo/cs540/cloned_repos/
INFO:root:DB_PATH: /home/guillermo/cs540/guillermo_rojas_hernandez_viren_mody_courseproject/src/
INFO:github3:Building a url from ('https://api.github.com', 'search', 'code')
INFO:github3:Missed the cache building the url
DEBUG:github3:GET https://api.github.com/search/code with {'params': {'q': 'filename:jenkinsfile q=node', 'per_page': 10}, 'headers': {}}
DEBUG:urllib3.connectionpool:Starting new HTTPS connection (1): api.github.com
DEBUG:urllib3.connectionpool:https://api.github.com:443 "GET /search/code?q=filename%3Ajenkinsfile+q%3Dnode&per_page=10 HTTP/1.1" 200 None
INFO:github3:JSON was returned
INFO:root:beginning of log file
INFO:root:GITHUB_USERNAME: virenmody
INFO:root:GITHUB_ACCESS_TOKEN: feec9be9b75ded7680e74e1be28b47c50564c2ac
INFO:root:LOCAL_CLONED_REPO_PATH: /home/guillermo/cs540/cloned_repos/
INFO:root:DB_PATH: /home/guillermo/cs540/guillermo_rojas_hernandez_viren_mody_courseproject/src/
INFO:github3:Building a url from ('https://api.github.com', 'search', 'code')
INFO:github3:Missed the cache building the url
DEBUG:github3:GET https://api.github.com/search/code with {'params': {'per_page': 10, 'q': 'filename:jenkinsfile q=node'}, 'headers': {}}
DEBUG:urllib3.connectionpool:Starting new HTTPS connection (1): api.github.com
DEBUG:urllib3.connectionpool:https://api.github.com:443 "GET /search/code?per_page=10&q=filename%3Ajenkinsfile+q%3Dnode HTTP/1.1" 200 None
INFO:github3:JSON was returned
DEBUG:urllib3.connectionpool:Starting new HTTPS connection (1): raw.githubusercontent.com
DEBUG:urllib3.connectionpool:https://raw.githubusercontent.com:443 "GET /Daxtrange/chamans-tribus/822d93c5f77cd895df001079a85956af5c7ab94b/Jenkinsfile HTTP/1.1" 200 32
INFO:root:beginning of log file
INFO:root:GITHUB_USERNAME: virenmody
INFO:root:GITHUB_ACCESS_TOKEN: feec9be9b75ded7680e74e1be28b47c50564c2ac
INFO:root:LOCAL_CLONED_REPO_PATH: /home/guillermo/cs540/cloned_repos/
INFO:root:DB_PATH: /home/guillermo/cs540/guillermo_rojas_hernandez_viren_mody_courseproject/src/
INFO:github3:Building a url from ('https://api.github.com', 'search', 'code')
INFO:github3:Missed the cache building the url
DEBUG:github3:GET https://api.github.com/search/code with {'headers': {}, 'params': {'q': 'filename:jenkinsfile q=node', 'per_page': 10}}
DEBUG:urllib3.connectionpool:Starting new HTTPS connection (1): api.github.com
DEBUG:urllib3.connectionpool:https://api.github.com:443 "GET /search/code?q=filename%3Ajenkinsfile+q%3Dnode&per_page=10 HTTP/1.1" 200 None
INFO:github3:JSON was returned
DEBUG:urllib3.connectionpool:Starting new HTTPS connection (1): raw.githubusercontent.com
DEBUG:urllib3.connectionpool:https://raw.githubusercontent.com:443 "GET /Daxtrange/chamans-tribus/blob/822d93c5f77cd895df001079a85956af5c7ab94b/Jenkinsfile HTTP/1.1" 404 15
INFO:root:beginning of log file
INFO:root:GITHUB_USERNAME: virenmody
INFO:root:GITHUB_ACCESS_TOKEN: feec9be9b75ded7680e74e1be28b47c50564c2ac
INFO:root:LOCAL_CLONED_REPO_PATH: /home/guillermo/cs540/cloned_repos/
INFO:root:DB_PATH: /home/guillermo/cs540/guillermo_rojas_hernandez_viren_mody_courseproject/src/
INFO:github3:Building a url from ('https://api.github.com', 'search', 'code')
INFO:github3:Missed the cache building the url
DEBUG:github3:GET https://api.github.com/search/code with {'headers': {}, 'params': {'per_page': 10, 'q': 'filename:jenkinsfile q=node'}}
DEBUG:urllib3.connectionpool:Starting new HTTPS connection (1): api.github.com
DEBUG:urllib3.connectionpool:https://api.github.com:443 "GET /search/code?per_page=10&q=filename%3Ajenkinsfile+q%3Dnode HTTP/1.1" 200 None
INFO:github3:JSON was returned
INFO:root:raw_url: https://raw.githubusercontent.com/Daxtrange/chamans-tribus/blob/822d93c5f77cd895df001079a85956af5c7ab94b/Jenkinsfile
INFO:root:raw_url: https://raw.githubusercontent.com/LimAyo/remotePrivate/blob/99757013ed73ea3f147100a4715db18c22834483/jenkinsfile
INFO:root:raw_url: https://raw.githubusercontent.com/refi-veritas/rest-cicd-interview/blob/97c8efcbbc523dbeb6ef0f9abce14dfcdfa66322/Jenkinsfile
INFO:root:raw_url: https://raw.githubusercontent.com/QualiSystemsLab/CloudShellLive-CI-Integration/blob/cb331a24ec56d9d9e9fc213e51ef444e586dece0/Jenkinsfile
INFO:root:raw_url: https://raw.githubusercontent.com/General-Meow/mySharesGenerator/blob/78c91a26ddb0edbfc01a05560f4992b21952ef80/Jenkinsfile
INFO:root:raw_url: https://raw.githubusercontent.com/s-nao/news_app_frontend/blob/f56cc9765cb28bb1964f33b29f5de97c8670d54c/Jenkinsfile
INFO:root:raw_url: https://raw.githubusercontent.com/cs1193/zeplin.ui/blob/745ba32a3e6951e1b4767651110cbfabebb20106/Jenkinsfile
INFO:root:raw_url: https://raw.githubusercontent.com/cs1193/angular.ui.seed/blob/944c4526edc3699a33a75f1d573569a4a8bc50a1/Jenkinsfile
INFO:root:raw_url: https://raw.githubusercontent.com/axtstar/sbt-bootstrap.g8/blob/f91b202689a78f7fa82cc89dd4644e88c8edba18/src/main/g8/Jenkinsfile
INFO:root:raw_url: https://raw.githubusercontent.com/arnulfojr/money-manager/blob/8600f1ff258a89f5742ffad4d5f589fd1def5259/config/jenkins/Jenkinsfile
DEBUG:urllib3.connectionpool:Starting new HTTPS connection (1): raw.githubusercontent.com
DEBUG:urllib3.connectionpool:https://raw.githubusercontent.com:443 "GET /Daxtrange/chamans-tribus/blob/822d93c5f77cd895df001079a85956af5c7ab94b/Jenkinsfile HTTP/1.1" 404 15
INFO:root:beginning of log file
INFO:root:GITHUB_USERNAME: virenmody
INFO:root:GITHUB_ACCESS_TOKEN: feec9be9b75ded7680e74e1be28b47c50564c2ac
INFO:root:LOCAL_CLONED_REPO_PATH: /home/guillermo/cs540/cloned_repos/
INFO:root:DB_PATH: /home/guillermo/cs540/guillermo_rojas_hernandez_viren_mody_courseproject/src/
INFO:github3:Building a url from ('https://api.github.com', 'search', 'code')
INFO:github3:Missed the cache building the url
DEBUG:github3:GET https://api.github.com/search/code with {'headers': {}, 'params': {'per_page': 10, 'q': 'filename:jenkinsfile q=node'}}
DEBUG:urllib3.connectionpool:Starting new HTTPS connection (1): api.github.com
DEBUG:urllib3.connectionpool:https://api.github.com:443 "GET /search/code?per_page=10&q=filename%3Ajenkinsfile+q%3Dnode HTTP/1.1" 200 None
INFO:github3:JSON was returned
INFO:root:raw_url: https://raw.githubusercontent.com/Daxtrange/chamans-tribus/blob/822d93c5f77cd895df001079a85956af5c7ab94b/Jenkinsfile
INFO:root:raw_url: https://raw.githubusercontent.com/LimAyo/remotePrivate/blob/99757013ed73ea3f147100a4715db18c22834483/jenkinsfile
INFO:root:raw_url: https://raw.githubusercontent.com/refi-veritas/rest-cicd-interview/blob/97c8efcbbc523dbeb6ef0f9abce14dfcdfa66322/Jenkinsfile
INFO:root:raw_url: https://raw.githubusercontent.com/QualiSystemsLab/CloudShellLive-CI-Integration/blob/cb331a24ec56d9d9e9fc213e51ef444e586dece0/Jenkinsfile
INFO:root:raw_url: https://raw.githubusercontent.com/General-Meow/mySharesGenerator/blob/78c91a26ddb0edbfc01a05560f4992b21952ef80/Jenkinsfile
INFO:root:raw_url: https://raw.githubusercontent.com/s-nao/news_app_frontend/blob/f56cc9765cb28bb1964f33b29f5de97c8670d54c/Jenkinsfile
INFO:root:raw_url: https://raw.githubusercontent.com/cs1193/zeplin.ui/blob/745ba32a3e6951e1b4767651110cbfabebb20106/Jenkinsfile
INFO:root:raw_url: https://raw.githubusercontent.com/cs1193/angular.ui.seed/blob/944c4526edc3699a33a75f1d573569a4a8bc50a1/Jenkinsfile
INFO:root:raw_url: https://raw.githubusercontent.com/axtstar/sbt-bootstrap.g8/blob/f91b202689a78f7fa82cc89dd4644e88c8edba18/src/main/g8/Jenkinsfile
INFO:root:raw_url: https://raw.githubusercontent.com/arnulfojr/money-manager/blob/8600f1ff258a89f5742ffad4d5f589fd1def5259/config/jenkins/Jenkinsfile
DEBUG:urllib3.connectionpool:Starting new HTTPS connection (1): raw.githubusercontent.com
DEBUG:urllib3.connectionpool:https://raw.githubusercontent.com:443 "GET /Daxtrange/chamans-tribus/blob/822d93c5f77cd895df001079a85956af5c7ab94b/Jenkinsfile HTTP/1.1" 404 15
INFO:root:beginning of log file
INFO:root:GITHUB_USERNAME: virenmody
INFO:root:GITHUB_ACCESS_TOKEN: feec9be9b75ded7680e74e1be28b47c50564c2ac
INFO:root:LOCAL_CLONED_REPO_PATH: /home/guillermo/cs540/cloned_repos/
INFO:root:DB_PATH: /home/guillermo/cs540/guillermo_rojas_hernandez_viren_mody_courseproject/src/
INFO:github3:Building a url from ('https://api.github.com', 'search', 'code')
INFO:github3:Missed the cache building the url
DEBUG:github3:GET https://api.github.com/search/code with {'params': {'per_page': 10, 'q': 'filename:jenkinsfile q=node'}, 'headers': {}}
DEBUG:urllib3.connectionpool:Starting new HTTPS connection (1): api.github.com
DEBUG:urllib3.connectionpool:https://api.github.com:443 "GET /search/code?per_page=10&q=filename%3Ajenkinsfile+q%3Dnode HTTP/1.1" 200 None
INFO:github3:JSON was returned
INFO:root:raw_url: https://raw.githubusercontent.com/Daxtrange/chamans-tribus/blob/822d93c5f77cd895df001079a85956af5c7ab94b/Jenkinsfile
INFO:root:raw_url: https://raw.githubusercontent.com/LimAyo/remotePrivate/blob/99757013ed73ea3f147100a4715db18c22834483/jenkinsfile
INFO:root:raw_url: https://raw.githubusercontent.com/refi-veritas/rest-cicd-interview/blob/97c8efcbbc523dbeb6ef0f9abce14dfcdfa66322/Jenkinsfile
INFO:root:raw_url: https://raw.githubusercontent.com/QualiSystemsLab/CloudShellLive-CI-Integration/blob/cb331a24ec56d9d9e9fc213e51ef444e586dece0/Jenkinsfile
INFO:root:raw_url: https://raw.githubusercontent.com/General-Meow/mySharesGenerator/blob/78c91a26ddb0edbfc01a05560f4992b21952ef80/Jenkinsfile
INFO:root:raw_url: https://raw.githubusercontent.com/s-nao/news_app_frontend/blob/f56cc9765cb28bb1964f33b29f5de97c8670d54c/Jenkinsfile
INFO:root:raw_url: https://raw.githubusercontent.com/cs1193/zeplin.ui/blob/745ba32a3e6951e1b4767651110cbfabebb20106/Jenkinsfile
INFO:root:raw_url: https://raw.githubusercontent.com/cs1193/angular.ui.seed/blob/944c4526edc3699a33a75f1d573569a4a8bc50a1/Jenkinsfile
INFO:root:raw_url: https://raw.githubusercontent.com/axtstar/sbt-bootstrap.g8/blob/f91b202689a78f7fa82cc89dd4644e88c8edba18/src/main/g8/Jenkinsfile
INFO:root:raw_url: https://raw.githubusercontent.com/arnulfojr/money-manager/blob/8600f1ff258a89f5742ffad4d5f589fd1def5259/config/jenkins/Jenkinsfile
DEBUG:urllib3.connectionpool:Starting new HTTPS connection (1): raw.githubusercontent.com
DEBUG:urllib3.connectionpool:https://raw.githubusercontent.com:443 "GET /Daxtrange/chamans-tribus/blob/822d93c5f77cd895df001079a85956af5c7ab94b/Jenkinsfile HTTP/1.1" 404 15
DEBUG:urllib3.connectionpool:Starting new HTTPS connection (1): raw.githubusercontent.com
DEBUG:urllib3.connectionpool:https://raw.githubusercontent.com:443 "GET /Daxtrange/chamans-tribus/blob/822d93c5f77cd895df001079a85956af5c7ab94b/Jenkinsfile HTTP/1.1" 404 15
DEBUG:urllib3.connectionpool:Starting new HTTPS connection (1): raw.githubusercontent.com
DEBUG:urllib3.connectionpool:https://raw.githubusercontent.com:443 "GET /Daxtrange/chamans-tribus/blob/822d93c5f77cd895df001079a85956af5c7ab94b/Jenkinsfile HTTP/1.1" 404 15
DEBUG:urllib3.connectionpool:Starting new HTTPS connection (1): raw.githubusercontent.com
DEBUG:urllib3.connectionpool:https://raw.githubusercontent.com:443 "GET /Daxtrange/chamans-tribus/blob/822d93c5f77cd895df001079a85956af5c7ab94b/Jenkinsfile HTTP/1.1" 404 15
DEBUG:urllib3.connectionpool:Starting new HTTPS connection (1): raw.githubusercontent.com
DEBUG:urllib3.connectionpool:https://raw.githubusercontent.com:443 "GET /Daxtrange/chamans-tribus/blob/822d93c5f77cd895df001079a85956af5c7ab94b/Jenkinsfile HTTP/1.1" 404 15
DEBUG:urllib3.connectionpool:Starting new HTTPS connection (1): raw.githubusercontent.com
DEBUG:urllib3.connectionpool:https://raw.githubusercontent.com:443 "GET /Daxtrange/chamans-tribus/blob/822d93c5f77cd895df001079a85956af5c7ab94b/Jenkinsfile HTTP/1.1" 404 15
DEBUG:urllib3.connectionpool:Starting new HTTPS connection (1): raw.githubusercontent.com
DEBUG:urllib3.connectionpool:https://raw.githubusercontent.com:443 "GET /Daxtrange/chamans-tribus/blob/822d93c5f77cd895df001079a85956af5c7ab94b/Jenkinsfile HTTP/1.1" 404 15
DEBUG:urllib3.connectionpool:Starting new HTTPS connection (1): raw.githubusercontent.com
DEBUG:urllib3.connectionpool:https://raw.githubusercontent.com:443 "GET /Daxtrange/chamans-tribus/blob/822d93c5f77cd895df001079a85956af5c7ab94b/Jenkinsfile HTTP/1.1" 404 15
DEBUG:urllib3.connectionpool:Starting new HTTPS connection (1): raw.githubusercontent.com
DEBUG:urllib3.connectionpool:https://raw.githubusercontent.com:443 "GET /Daxtrange/chamans-tribus/blob/822d93c5f77cd895df001079a85956af5c7ab94b/Jenkinsfile HTTP/1.1" 404 15
DEBUG:urllib3.connectionpool:Starting new HTTPS connection (1): raw.githubusercontent.com
DEBUG:urllib3.connectionpool:https://raw.githubusercontent.com:443 "GET /Daxtrange/chamans-tribus/blob/822d93c5f77cd895df001079a85956af5c7ab94b/Jenkinsfile HTTP/1.1" 404 15
INFO:root:beginning of log file
INFO:root:GITHUB_USERNAME: virenmody
INFO:root:GITHUB_ACCESS_TOKEN: feec9be9b75ded7680e74e1be28b47c50564c2ac
INFO:root:LOCAL_CLONED_REPO_PATH: /home/guillermo/cs540/cloned_repos/
INFO:root:DB_PATH: /home/guillermo/cs540/guillermo_rojas_hernandez_viren_mody_courseproject/src/
INFO:github3:Building a url from ('https://api.github.com', 'search', 'code')
INFO:github3:Missed the cache building the url
DEBUG:github3:GET https://api.github.com/search/code with {'params': {'q': 'filename:jenkinsfile q=node', 'per_page': 10}, 'headers': {}}
DEBUG:urllib3.connectionpool:Starting new HTTPS connection (1): api.github.com
DEBUG:urllib3.connectionpool:https://api.github.com:443 "GET /search/code?q=filename%3Ajenkinsfile+q%3Dnode&per_page=10 HTTP/1.1" 200 None
INFO:github3:JSON was returned
INFO:root:raw_url: https://raw.githubusercontent.com/Daxtrange/chamans-tribus/blob/822d93c5f77cd895df001079a85956af5c7ab94b/Jenkinsfile
INFO:root:raw_url: https://raw.githubusercontent.com/LimAyo/remotePrivate/blob/99757013ed73ea3f147100a4715db18c22834483/jenkinsfile
INFO:root:raw_url: https://raw.githubusercontent.com/refi-veritas/rest-cicd-interview/blob/97c8efcbbc523dbeb6ef0f9abce14dfcdfa66322/Jenkinsfile
INFO:root:raw_url: https://raw.githubusercontent.com/QualiSystemsLab/CloudShellLive-CI-Integration/blob/cb331a24ec56d9d9e9fc213e51ef444e586dece0/Jenkinsfile
INFO:root:raw_url: https://raw.githubusercontent.com/General-Meow/mySharesGenerator/blob/78c91a26ddb0edbfc01a05560f4992b21952ef80/Jenkinsfile
INFO:root:raw_url: https://raw.githubusercontent.com/s-nao/news_app_frontend/blob/f56cc9765cb28bb1964f33b29f5de97c8670d54c/Jenkinsfile
INFO:root:raw_url: https://raw.githubusercontent.com/cs1193/zeplin.ui/blob/745ba32a3e6951e1b4767651110cbfabebb20106/Jenkinsfile
INFO:root:raw_url: https://raw.githubusercontent.com/cs1193/angular.ui.seed/blob/944c4526edc3699a33a75f1d573569a4a8bc50a1/Jenkinsfile
INFO:root:raw_url: https://raw.githubusercontent.com/axtstar/sbt-bootstrap.g8/blob/f91b202689a78f7fa82cc89dd4644e88c8edba18/src/main/g8/Jenkinsfile
INFO:root:raw_url: https://raw.githubusercontent.com/arnulfojr/money-manager/blob/8600f1ff258a89f5742ffad4d5f589fd1def5259/config/jenkins/Jenkinsfile
INFO:root:beginning of log file
INFO:root:GITHUB_USERNAME: virenmody
INFO:root:GITHUB_ACCESS_TOKEN: feec9be9b75ded7680e74e1be28b47c50564c2ac
INFO:root:LOCAL_CLONED_REPO_PATH: /home/guillermo/cs540/cloned_repos/
INFO:root:DB_PATH: /home/guillermo/cs540/guillermo_rojas_hernandez_viren_mody_courseproject/src/
INFO:github3:Building a url from ('https://api.github.com', 'search', 'code')
INFO:github3:Missed the cache building the url
DEBUG:github3:GET https://api.github.com/search/code with {'params': {'q': 'filename:jenkinsfile q=node', 'per_page': 10}, 'headers': {}}
DEBUG:urllib3.connectionpool:Starting new HTTPS connection (1): api.github.com
DEBUG:urllib3.connectionpool:https://api.github.com:443 "GET /search/code?q=filename%3Ajenkinsfile+q%3Dnode&per_page=10 HTTP/1.1" 200 None
INFO:github3:JSON was returned
INFO:root:raw_url: https://raw.githubusercontent.com/Daxtrange/chamans-tribus/blob/822d93c5f77cd895df001079a85956af5c7ab94b/Jenkinsfile
INFO:root:raw_url: https://raw.githubusercontent.com/LimAyo/remotePrivate/blob/99757013ed73ea3f147100a4715db18c22834483/jenkinsfile
INFO:root:raw_url: https://raw.githubusercontent.com/refi-veritas/rest-cicd-interview/blob/97c8efcbbc523dbeb6ef0f9abce14dfcdfa66322/Jenkinsfile
INFO:root:raw_url: https://raw.githubusercontent.com/QualiSystemsLab/CloudShellLive-CI-Integration/blob/cb331a24ec56d9d9e9fc213e51ef444e586dece0/Jenkinsfile
INFO:root:raw_url: https://raw.githubusercontent.com/General-Meow/mySharesGenerator/blob/78c91a26ddb0edbfc01a05560f4992b21952ef80/Jenkinsfile
INFO:root:raw_url: https://raw.githubusercontent.com/s-nao/news_app_frontend/blob/f56cc9765cb28bb1964f33b29f5de97c8670d54c/Jenkinsfile
INFO:root:raw_url: https://raw.githubusercontent.com/cs1193/zeplin.ui/blob/745ba32a3e6951e1b4767651110cbfabebb20106/Jenkinsfile
INFO:root:raw_url: https://raw.githubusercontent.com/axtstar/sbt-bootstrap.g8/blob/f91b202689a78f7fa82cc89dd4644e88c8edba18/src/main/g8/Jenkinsfile
INFO:root:raw_url: https://raw.githubusercontent.com/cs1193/angular.ui.seed/blob/944c4526edc3699a33a75f1d573569a4a8bc50a1/Jenkinsfile
INFO:root:raw_url: https://raw.githubusercontent.com/arnulfojr/money-manager/blob/8600f1ff258a89f5742ffad4d5f589fd1def5259/config/jenkins/Jenkinsfile
DEBUG:urllib3.connectionpool:Starting new HTTPS connection (1): raw.githubusercontent.com
DEBUG:urllib3.connectionpool:https://raw.githubusercontent.com:443 "GET /Daxtrange/chamans-tribus/blob/822d93c5f77cd895df001079a85956af5c7ab94b/Jenkinsfile HTTP/1.1" 404 15
DEBUG:urllib3.connectionpool:Starting new HTTPS connection (1): raw.githubusercontent.com
DEBUG:urllib3.connectionpool:https://raw.githubusercontent.com:443 "GET /LimAyo/remotePrivate/blob/99757013ed73ea3f147100a4715db18c22834483/jenkinsfile HTTP/1.1" 404 15
DEBUG:urllib3.connectionpool:Starting new HTTPS connection (1): raw.githubusercontent.com
DEBUG:urllib3.connectionpool:https://raw.githubusercontent.com:443 "GET /refi-veritas/rest-cicd-interview/blob/97c8efcbbc523dbeb6ef0f9abce14dfcdfa66322/Jenkinsfile HTTP/1.1" 404 15
DEBUG:urllib3.connectionpool:Starting new HTTPS connection (1): raw.githubusercontent.com
DEBUG:urllib3.connectionpool:https://raw.githubusercontent.com:443 "GET /QualiSystemsLab/CloudShellLive-CI-Integration/blob/cb331a24ec56d9d9e9fc213e51ef444e586dece0/Jenkinsfile HTTP/1.1" 404 15
DEBUG:urllib3.connectionpool:Starting new HTTPS connection (1): raw.githubusercontent.com
DEBUG:urllib3.connectionpool:https://raw.githubusercontent.com:443 "GET /General-Meow/mySharesGenerator/blob/78c91a26ddb0edbfc01a05560f4992b21952ef80/Jenkinsfile HTTP/1.1" 404 15
DEBUG:urllib3.connectionpool:Starting new HTTPS connection (1): raw.githubusercontent.com
DEBUG:urllib3.connectionpool:https://raw.githubusercontent.com:443 "GET /s-nao/news_app_frontend/blob/f56cc9765cb28bb1964f33b29f5de97c8670d54c/Jenkinsfile HTTP/1.1" 404 15
DEBUG:urllib3.connectionpool:Starting new HTTPS connection (1): raw.githubusercontent.com
DEBUG:urllib3.connectionpool:https://raw.githubusercontent.com:443 "GET /cs1193/zeplin.ui/blob/745ba32a3e6951e1b4767651110cbfabebb20106/Jenkinsfile HTTP/1.1" 404 15
DEBUG:urllib3.connectionpool:Starting new HTTPS connection (1): raw.githubusercontent.com
DEBUG:urllib3.connectionpool:https://raw.githubusercontent.com:443 "GET /axtstar/sbt-bootstrap.g8/blob/f91b202689a78f7fa82cc89dd4644e88c8edba18/src/main/g8/Jenkinsfile HTTP/1.1" 404 15
DEBUG:urllib3.connectionpool:Starting new HTTPS connection (1): raw.githubusercontent.com
DEBUG:urllib3.connectionpool:https://raw.githubusercontent.com:443 "GET /cs1193/angular.ui.seed/blob/944c4526edc3699a33a75f1d573569a4a8bc50a1/Jenkinsfile HTTP/1.1" 404 15
DEBUG:urllib3.connectionpool:Starting new HTTPS connection (1): raw.githubusercontent.com
DEBUG:urllib3.connectionpool:https://raw.githubusercontent.com:443 "GET /arnulfojr/money-manager/blob/8600f1ff258a89f5742ffad4d5f589fd1def5259/config/jenkins/Jenkinsfile HTTP/1.1" 404 15
INFO:root:beginning of log file
INFO:root:GITHUB_USERNAME: virenmody
INFO:root:GITHUB_ACCESS_TOKEN: feec9be9b75ded7680e74e1be28b47c50564c2ac
INFO:root:LOCAL_CLONED_REPO_PATH: /home/guillermo/cs540/cloned_repos/
INFO:root:DB_PATH: /home/guillermo/cs540/guillermo_rojas_hernandez_viren_mody_courseproject/src/
INFO:github3:Building a url from ('https://api.github.com', 'search', 'code')
INFO:github3:Missed the cache building the url
DEBUG:github3:GET https://api.github.com/search/code with {'params': {'q': 'filename:jenkinsfile q=node', 'per_page': 10}, 'headers': {}}
DEBUG:urllib3.connectionpool:Starting new HTTPS connection (1): api.github.com
DEBUG:urllib3.connectionpool:https://api.github.com:443 "GET /search/code?q=filename%3Ajenkinsfile+q%3Dnode&per_page=10 HTTP/1.1" 200 None
INFO:github3:JSON was returned
INFO:root:raw_url: https://raw.githubusercontent.com/Daxtrange/chamans-tribus/blob/822d93c5f77cd895df001079a85956af5c7ab94b/Jenkinsfile
INFO:root:raw_url: https://raw.githubusercontent.com/LimAyo/remotePrivate/blob/99757013ed73ea3f147100a4715db18c22834483/jenkinsfile
INFO:root:raw_url: https://raw.githubusercontent.com/refi-veritas/rest-cicd-interview/blob/97c8efcbbc523dbeb6ef0f9abce14dfcdfa66322/Jenkinsfile
INFO:root:raw_url: https://raw.githubusercontent.com/QualiSystemsLab/CloudShellLive-CI-Integration/blob/cb331a24ec56d9d9e9fc213e51ef444e586dece0/Jenkinsfile
INFO:root:raw_url: https://raw.githubusercontent.com/General-Meow/mySharesGenerator/blob/78c91a26ddb0edbfc01a05560f4992b21952ef80/Jenkinsfile
INFO:root:raw_url: https://raw.githubusercontent.com/s-nao/news_app_frontend/blob/f56cc9765cb28bb1964f33b29f5de97c8670d54c/Jenkinsfile
INFO:root:raw_url: https://raw.githubusercontent.com/cs1193/zeplin.ui/blob/745ba32a3e6951e1b4767651110cbfabebb20106/Jenkinsfile
INFO:root:raw_url: https://raw.githubusercontent.com/cs1193/angular.ui.seed/blob/944c4526edc3699a33a75f1d573569a4a8bc50a1/Jenkinsfile
INFO:root:raw_url: https://raw.githubusercontent.com/axtstar/sbt-bootstrap.g8/blob/f91b202689a78f7fa82cc89dd4644e88c8edba18/src/main/g8/Jenkinsfile
INFO:root:raw_url: https://raw.githubusercontent.com/arnulfojr/money-manager/blob/8600f1ff258a89f5742ffad4d5f589fd1def5259/config/jenkins/Jenkinsfile
DEBUG:urllib3.connectionpool:Starting new HTTPS connection (1): raw.githubusercontent.com
DEBUG:urllib3.connectionpool:https://raw.githubusercontent.com:443 "GET /Daxtrange/chamans-tribus/blob/822d93c5f77cd895df001079a85956af5c7ab94b/Jenkinsfile HTTP/1.1" 404 15
DEBUG:urllib3.connectionpool:Starting new HTTPS connection (1): raw.githubusercontent.com
DEBUG:urllib3.connectionpool:https://raw.githubusercontent.com:443 "GET /LimAyo/remotePrivate/blob/99757013ed73ea3f147100a4715db18c22834483/jenkinsfile HTTP/1.1" 404 15
DEBUG:urllib3.connectionpool:Starting new HTTPS connection (1): raw.githubusercontent.com
DEBUG:urllib3.connectionpool:https://raw.githubusercontent.com:443 "GET /refi-veritas/rest-cicd-interview/blob/97c8efcbbc523dbeb6ef0f9abce14dfcdfa66322/Jenkinsfile HTTP/1.1" 404 15
DEBUG:urllib3.connectionpool:Starting new HTTPS connection (1): raw.githubusercontent.com
DEBUG:urllib3.connectionpool:https://raw.githubusercontent.com:443 "GET /QualiSystemsLab/CloudShellLive-CI-Integration/blob/cb331a24ec56d9d9e9fc213e51ef444e586dece0/Jenkinsfile HTTP/1.1" 404 15
DEBUG:urllib3.connectionpool:Starting new HTTPS connection (1): raw.githubusercontent.com
DEBUG:urllib3.connectionpool:https://raw.githubusercontent.com:443 "GET /General-Meow/mySharesGenerator/blob/78c91a26ddb0edbfc01a05560f4992b21952ef80/Jenkinsfile HTTP/1.1" 404 15
DEBUG:urllib3.connectionpool:Starting new HTTPS connection (1): raw.githubusercontent.com
DEBUG:urllib3.connectionpool:https://raw.githubusercontent.com:443 "GET /s-nao/news_app_frontend/blob/f56cc9765cb28bb1964f33b29f5de97c8670d54c/Jenkinsfile HTTP/1.1" 404 15
DEBUG:urllib3.connectionpool:Starting new HTTPS connection (1): raw.githubusercontent.com
DEBUG:urllib3.connectionpool:https://raw.githubusercontent.com:443 "GET /cs1193/zeplin.ui/blob/745ba32a3e6951e1b4767651110cbfabebb20106/Jenkinsfile HTTP/1.1" 404 15
DEBUG:urllib3.connectionpool:Starting new HTTPS connection (1): raw.githubusercontent.com
DEBUG:urllib3.connectionpool:https://raw.githubusercontent.com:443 "GET /cs1193/angular.ui.seed/blob/944c4526edc3699a33a75f1d573569a4a8bc50a1/Jenkinsfile HTTP/1.1" 404 15
DEBUG:urllib3.connectionpool:Starting new HTTPS connection (1): raw.githubusercontent.com
DEBUG:urllib3.connectionpool:https://raw.githubusercontent.com:443 "GET /axtstar/sbt-bootstrap.g8/blob/f91b202689a78f7fa82cc89dd4644e88c8edba18/src/main/g8/Jenkinsfile HTTP/1.1" 404 15
DEBUG:urllib3.connectionpool:Starting new HTTPS connection (1): raw.githubusercontent.com
DEBUG:urllib3.connectionpool:https://raw.githubusercontent.com:443 "GET /arnulfojr/money-manager/blob/8600f1ff258a89f5742ffad4d5f589fd1def5259/config/jenkins/Jenkinsfile HTTP/1.1" 404 15
INFO:root:beginning of log file
INFO:root:GITHUB_USERNAME: virenmody
INFO:root:GITHUB_ACCESS_TOKEN: feec9be9b75ded7680e74e1be28b47c50564c2ac
INFO:root:LOCAL_CLONED_REPO_PATH: /home/guillermo/cs540/cloned_repos/
INFO:root:DB_PATH: /home/guillermo/cs540/guillermo_rojas_hernandez_viren_mody_courseproject/src/
INFO:github3:Building a url from ('https://api.github.com', 'search', 'code')
INFO:github3:Missed the cache building the url
DEBUG:github3:GET https://api.github.com/search/code with {'params': {'per_page': 10, 'q': 'filename:jenkinsfile q=node'}, 'headers': {}}
DEBUG:urllib3.connectionpool:Starting new HTTPS connection (1): api.github.com
DEBUG:urllib3.connectionpool:https://api.github.com:443 "GET /search/code?per_page=10&q=filename%3Ajenkinsfile+q%3Dnode HTTP/1.1" 200 None
INFO:github3:JSON was returned
INFO:root:raw_url: https://raw.githubusercontent.com/Daxtrange/chamans-tribus/blob/822d93c5f77cd895df001079a85956af5c7ab94b/Jenkinsfile
INFO:root:raw_url: https://raw.githubusercontent.com/LimAyo/remotePrivate/blob/99757013ed73ea3f147100a4715db18c22834483/jenkinsfile
INFO:root:raw_url: https://raw.githubusercontent.com/refi-veritas/rest-cicd-interview/blob/97c8efcbbc523dbeb6ef0f9abce14dfcdfa66322/Jenkinsfile
INFO:root:raw_url: https://raw.githubusercontent.com/QualiSystemsLab/CloudShellLive-CI-Integration/blob/cb331a24ec56d9d9e9fc213e51ef444e586dece0/Jenkinsfile
INFO:root:raw_url: https://raw.githubusercontent.com/General-Meow/mySharesGenerator/blob/78c91a26ddb0edbfc01a05560f4992b21952ef80/Jenkinsfile
INFO:root:raw_url: https://raw.githubusercontent.com/s-nao/news_app_frontend/blob/f56cc9765cb28bb1964f33b29f5de97c8670d54c/Jenkinsfile
INFO:root:raw_url: https://raw.githubusercontent.com/cs1193/zeplin.ui/blob/745ba32a3e6951e1b4767651110cbfabebb20106/Jenkinsfile
INFO:root:raw_url: https://raw.githubusercontent.com/cs1193/angular.ui.seed/blob/944c4526edc3699a33a75f1d573569a4a8bc50a1/Jenkinsfile
INFO:root:raw_url: https://raw.githubusercontent.com/axtstar/sbt-bootstrap.g8/blob/f91b202689a78f7fa82cc89dd4644e88c8edba18/src/main/g8/Jenkinsfile
INFO:root:raw_url: https://raw.githubusercontent.com/arnulfojr/money-manager/blob/8600f1ff258a89f5742ffad4d5f589fd1def5259/config/jenkins/Jenkinsfile
DEBUG:urllib3.connectionpool:Starting new HTTPS connection (1): raw.githubusercontent.com
DEBUG:urllib3.connectionpool:https://raw.githubusercontent.com:443 "GET /General-Meow/mySharesGenerator/blob/78c91a26ddb0edbfc01a05560f4992b21952ef80/Jenkinsfile HTTP/1.1" 404 15
INFO:root:beginning of log file
INFO:root:GITHUB_USERNAME: virenmody
INFO:root:GITHUB_ACCESS_TOKEN: feec9be9b75ded7680e74e1be28b47c50564c2ac
INFO:root:LOCAL_CLONED_REPO_PATH: /home/guillermo/cs540/cloned_repos/
INFO:root:DB_PATH: /home/guillermo/cs540/guillermo_rojas_hernandez_viren_mody_courseproject/src/
INFO:github3:Building a url from ('https://api.github.com', 'search', 'code')
INFO:github3:Missed the cache building the url
DEBUG:github3:GET https://api.github.com/search/code with {'headers': {}, 'params': {'per_page': 10, 'q': 'filename:jenkinsfile q=node'}}
DEBUG:urllib3.connectionpool:Starting new HTTPS connection (1): api.github.com
DEBUG:urllib3.connectionpool:https://api.github.com:443 "GET /search/code?per_page=10&q=filename%3Ajenkinsfile+q%3Dnode HTTP/1.1" 200 None
INFO:github3:JSON was returned
INFO:root:raw_url: https://raw.githubusercontent.com/Daxtrange/chamans-tribus/blob/822d93c5f77cd895df001079a85956af5c7ab94b/Jenkinsfile
INFO:root:raw_url: https://raw.githubusercontent.com/LimAyo/remotePrivate/blob/99757013ed73ea3f147100a4715db18c22834483/jenkinsfile
INFO:root:raw_url: https://raw.githubusercontent.com/refi-veritas/rest-cicd-interview/blob/97c8efcbbc523dbeb6ef0f9abce14dfcdfa66322/Jenkinsfile
INFO:root:raw_url: https://raw.githubusercontent.com/QualiSystemsLab/CloudShellLive-CI-Integration/blob/cb331a24ec56d9d9e9fc213e51ef444e586dece0/Jenkinsfile
INFO:root:raw_url: https://raw.githubusercontent.com/General-Meow/mySharesGenerator/blob/78c91a26ddb0edbfc01a05560f4992b21952ef80/Jenkinsfile
INFO:root:raw_url: https://raw.githubusercontent.com/s-nao/news_app_frontend/blob/f56cc9765cb28bb1964f33b29f5de97c8670d54c/Jenkinsfile
INFO:root:raw_url: https://raw.githubusercontent.com/cs1193/zeplin.ui/blob/745ba32a3e6951e1b4767651110cbfabebb20106/Jenkinsfile
INFO:root:raw_url: https://raw.githubusercontent.com/cs1193/angular.ui.seed/blob/944c4526edc3699a33a75f1d573569a4a8bc50a1/Jenkinsfile
INFO:root:raw_url: https://raw.githubusercontent.com/axtstar/sbt-bootstrap.g8/blob/f91b202689a78f7fa82cc89dd4644e88c8edba18/src/main/g8/Jenkinsfile
INFO:root:raw_url: https://raw.githubusercontent.com/arnulfojr/money-manager/blob/8600f1ff258a89f5742ffad4d5f589fd1def5259/config/jenkins/Jenkinsfile
DEBUG:urllib3.connectionpool:Starting new HTTPS connection (1): raw.githubusercontent.com
INFO:root:beginning of log file
INFO:root:GITHUB_USERNAME: virenmody
INFO:root:GITHUB_ACCESS_TOKEN: feec9be9b75ded7680e74e1be28b47c50564c2ac
INFO:root:LOCAL_CLONED_REPO_PATH: /home/guillermo/cs540/cloned_repos/
INFO:root:DB_PATH: /home/guillermo/cs540/guillermo_rojas_hernandez_viren_mody_courseproject/src/
INFO:github3:Building a url from ('https://api.github.com', 'search', 'code')
INFO:github3:Missed the cache building the url
DEBUG:github3:GET https://api.github.com/search/code with {'headers': {}, 'params': {'per_page': 10, 'q': 'filename:jenkinsfile q=node'}}
DEBUG:urllib3.connectionpool:Starting new HTTPS connection (1): api.github.com
DEBUG:urllib3.connectionpool:https://api.github.com:443 "GET /search/code?per_page=10&q=filename%3Ajenkinsfile+q%3Dnode HTTP/1.1" 200 None
INFO:github3:JSON was returned
INFO:root:raw_url: https://raw.githubusercontent.com/Daxtrange/chamans-tribus/blob/822d93c5f77cd895df001079a85956af5c7ab94b/Jenkinsfile
INFO:root:raw_url: https://raw.githubusercontent.com/LimAyo/remotePrivate/blob/99757013ed73ea3f147100a4715db18c22834483/jenkinsfile
INFO:root:raw_url: https://raw.githubusercontent.com/refi-veritas/rest-cicd-interview/blob/97c8efcbbc523dbeb6ef0f9abce14dfcdfa66322/Jenkinsfile
INFO:root:raw_url: https://raw.githubusercontent.com/QualiSystemsLab/CloudShellLive-CI-Integration/blob/cb331a24ec56d9d9e9fc213e51ef444e586dece0/Jenkinsfile
INFO:root:raw_url: https://raw.githubusercontent.com/General-Meow/mySharesGenerator/blob/78c91a26ddb0edbfc01a05560f4992b21952ef80/Jenkinsfile
INFO:root:raw_url: https://raw.githubusercontent.com/s-nao/news_app_frontend/blob/f56cc9765cb28bb1964f33b29f5de97c8670d54c/Jenkinsfile
INFO:root:raw_url: https://raw.githubusercontent.com/cs1193/zeplin.ui/blob/745ba32a3e6951e1b4767651110cbfabebb20106/Jenkinsfile
INFO:root:raw_url: https://raw.githubusercontent.com/cs1193/angular.ui.seed/blob/944c4526edc3699a33a75f1d573569a4a8bc50a1/Jenkinsfile
INFO:root:raw_url: https://raw.githubusercontent.com/axtstar/sbt-bootstrap.g8/blob/f91b202689a78f7fa82cc89dd4644e88c8edba18/src/main/g8/Jenkinsfile
INFO:root:raw_url: https://raw.githubusercontent.com/arnulfojr/money-manager/blob/8600f1ff258a89f5742ffad4d5f589fd1def5259/config/jenkins/Jenkinsfile
DEBUG:urllib3.connectionpool:Starting new HTTPS connection (1): raw.githubusercontent.com
DEBUG:urllib3.connectionpool:https://raw.githubusercontent.com:443 "GET /General-Meow/mySharesGenerator/78c91a26ddb0edbfc01a05560f4992b21952ef80/Jenkinsfile HTTP/1.1" 200 29
INFO:root:beginning of log file
INFO:root:GITHUB_USERNAME: virenmody
INFO:root:GITHUB_ACCESS_TOKEN: feec9be9b75ded7680e74e1be28b47c50564c2ac
INFO:root:LOCAL_CLONED_REPO_PATH: /home/guillermo/cs540/cloned_repos/
INFO:root:DB_PATH: /home/guillermo/cs540/guillermo_rojas_hernandez_viren_mody_courseproject/src/
INFO:github3:Building a url from ('https://api.github.com', 'search', 'code')
INFO:github3:Missed the cache building the url
DEBUG:github3:GET https://api.github.com/search/code with {'params': {'q': 'filename:jenkinsfile q=node', 'per_page': 10}, 'headers': {}}
DEBUG:urllib3.connectionpool:Starting new HTTPS connection (1): api.github.com
DEBUG:urllib3.connectionpool:https://api.github.com:443 "GET /search/code?q=filename%3Ajenkinsfile+q%3Dnode&per_page=10 HTTP/1.1" 200 None
INFO:github3:JSON was returned
DEBUG:github3:GET https://api.github.com/rate_limit with {}
DEBUG:urllib3.connectionpool:https://api.github.com:443 "GET /rate_limit HTTP/1.1" 200 None
INFO:github3:JSON was returned
INFO:root:beginning of log file
INFO:root:GITHUB_USERNAME: virenmody
INFO:root:GITHUB_ACCESS_TOKEN: feec9be9b75ded7680e74e1be28b47c50564c2ac
INFO:root:LOCAL_CLONED_REPO_PATH: /home/guillermo/cs540/cloned_repos/
INFO:root:DB_PATH: /home/guillermo/cs540/guillermo_rojas_hernandez_viren_mody_courseproject/src/
INFO:github3:Building a url from ('https://api.github.com', 'search', 'code')
INFO:github3:Missed the cache building the url
DEBUG:github3:GET https://api.github.com/search/code with {'params': {'q': 'filename:jenkinsfile q=node', 'per_page': 10}, 'headers': {}}
DEBUG:urllib3.connectionpool:Starting new HTTPS connection (1): api.github.com
DEBUG:urllib3.connectionpool:https://api.github.com:443 "GET /search/code?q=filename%3Ajenkinsfile+q%3Dnode&per_page=10 HTTP/1.1" 200 None
INFO:github3:JSON was returned
DEBUG:github3:GET https://api.github.com/rate_limit with {}
DEBUG:urllib3.connectionpool:Resetting dropped connection: api.github.com
DEBUG:urllib3.connectionpool:https://api.github.com:443 "GET /rate_limit HTTP/1.1" 200 None
INFO:github3:JSON was returned
DEBUG:github3:GET https://api.github.com/rate_limit with {}
DEBUG:urllib3.connectionpool:https://api.github.com:443 "GET /rate_limit HTTP/1.1" 200 None
INFO:github3:JSON was returned
INFO:root:beginning of log file
INFO:root:GITHUB_USERNAME: virenmody
INFO:root:GITHUB_ACCESS_TOKEN: feec9be9b75ded7680e74e1be28b47c50564c2ac
INFO:root:LOCAL_CLONED_REPO_PATH: /home/guillermo/cs540/cloned_repos/
INFO:root:DB_PATH: /home/guillermo/cs540/guillermo_rojas_hernandez_viren_mody_courseproject/src/
INFO:github3:Building a url from ('https://api.github.com', 'search', 'code')
INFO:github3:Missed the cache building the url
DEBUG:github3:GET https://api.github.com/search/code with {'headers': {}, 'params': {'q': 'filename:jenkinsfile q=node', 'per_page': 10}}
DEBUG:urllib3.connectionpool:Starting new HTTPS connection (1): api.github.com
DEBUG:urllib3.connectionpool:https://api.github.com:443 "GET /search/code?q=filename%3Ajenkinsfile+q%3Dnode&per_page=10 HTTP/1.1" 200 None
INFO:github3:JSON was returned
INFO:root:Github blob hash: 822d93c5f77cd895df001079a85956af5c7ab94b
INFO:root:raw_url: https://raw.githubusercontent.com/Daxtrange/chamans-tribus/822d93c5f77cd895df001079a85956af5c7ab94b/Jenkinsfile
INFO:root:Github blob hash: 99757013ed73ea3f147100a4715db18c22834483
INFO:root:raw_url: https://raw.githubusercontent.com/LimAyo/remotePrivate/99757013ed73ea3f147100a4715db18c22834483/jenkinsfile
INFO:root:Github blob hash: 97c8efcbbc523dbeb6ef0f9abce14dfcdfa66322
INFO:root:raw_url: https://raw.githubusercontent.com/refi-veritas/rest-cicd-interview/97c8efcbbc523dbeb6ef0f9abce14dfcdfa66322/Jenkinsfile
INFO:root:Github blob hash: cb331a24ec56d9d9e9fc213e51ef444e586dece0
INFO:root:raw_url: https://raw.githubusercontent.com/QualiSystemsLab/CloudShellLive-CI-Integration/cb331a24ec56d9d9e9fc213e51ef444e586dece0/Jenkinsfile
INFO:root:Github blob hash: 78c91a26ddb0edbfc01a05560f4992b21952ef80
INFO:root:raw_url: https://raw.githubusercontent.com/General-Meow/mySharesGenerator/78c91a26ddb0edbfc01a05560f4992b21952ef80/Jenkinsfile
INFO:root:Github blob hash: f56cc9765cb28bb1964f33b29f5de97c8670d54c
INFO:root:raw_url: https://raw.githubusercontent.com/s-nao/news_app_frontend/f56cc9765cb28bb1964f33b29f5de97c8670d54c/Jenkinsfile
INFO:root:Github blob hash: 745ba32a3e6951e1b4767651110cbfabebb20106
INFO:root:raw_url: https://raw.githubusercontent.com/cs1193/zeplin.ui/745ba32a3e6951e1b4767651110cbfabebb20106/Jenkinsfile
INFO:root:Github blob hash: 944c4526edc3699a33a75f1d573569a4a8bc50a1
INFO:root:raw_url: https://raw.githubusercontent.com/cs1193/angular.ui.seed/944c4526edc3699a33a75f1d573569a4a8bc50a1/Jenkinsfile
INFO:root:Github blob hash: f91b202689a78f7fa82cc89dd4644e88c8edba18
INFO:root:raw_url: https://raw.githubusercontent.com/axtstar/sbt-bootstrap.g8/f91b202689a78f7fa82cc89dd4644e88c8edba18/Jenkinsfile
INFO:root:Github blob hash: 8600f1ff258a89f5742ffad4d5f589fd1def5259
INFO:root:raw_url: https://raw.githubusercontent.com/arnulfojr/money-manager/8600f1ff258a89f5742ffad4d5f589fd1def5259/Jenkinsfile
DEBUG:urllib3.connectionpool:Starting new HTTPS connection (1): raw.githubusercontent.com
DEBUG:urllib3.connectionpool:https://raw.githubusercontent.com:443 "GET /General-Meow/mySharesGenerator/78c91a26ddb0edbfc01a05560f4992b21952ef80/Jenkinsfile HTTP/1.1" 200 29
INFO:root:beginning of log file
INFO:root:GITHUB_USERNAME: virenmody
INFO:root:GITHUB_ACCESS_TOKEN: feec9be9b75ded7680e74e1be28b47c50564c2ac
INFO:root:LOCAL_CLONED_REPO_PATH: /home/guillermo/cs540/cloned_repos/
INFO:root:DB_PATH: /home/guillermo/cs540/guillermo_rojas_hernandez_viren_mody_courseproject/src/
INFO:github3:Building a url from ('https://api.github.com', 'search', 'code')
INFO:github3:Missed the cache building the url
DEBUG:github3:GET https://api.github.com/search/code with {'params': {'q': 'filename:jenkinsfile q=node', 'per_page': 10}, 'headers': {}}
DEBUG:urllib3.connectionpool:Starting new HTTPS connection (1): api.github.com
DEBUG:urllib3.connectionpool:https://api.github.com:443 "GET /search/code?q=filename%3Ajenkinsfile+q%3Dnode&per_page=10 HTTP/1.1" 200 None
INFO:github3:JSON was returned
INFO:root:Github blob hash: 822d93c5f77cd895df001079a85956af5c7ab94b
INFO:root:raw_url: https://raw.githubusercontent.com/Daxtrange/chamans-tribus/822d93c5f77cd895df001079a85956af5c7ab94b/Jenkinsfile
INFO:root:Github blob hash: 99757013ed73ea3f147100a4715db18c22834483
INFO:root:raw_url: https://raw.githubusercontent.com/LimAyo/remotePrivate/99757013ed73ea3f147100a4715db18c22834483/jenkinsfile
INFO:root:Github blob hash: 97c8efcbbc523dbeb6ef0f9abce14dfcdfa66322
INFO:root:raw_url: https://raw.githubusercontent.com/refi-veritas/rest-cicd-interview/97c8efcbbc523dbeb6ef0f9abce14dfcdfa66322/Jenkinsfile
INFO:root:Github blob hash: cb331a24ec56d9d9e9fc213e51ef444e586dece0
INFO:root:raw_url: https://raw.githubusercontent.com/QualiSystemsLab/CloudShellLive-CI-Integration/cb331a24ec56d9d9e9fc213e51ef444e586dece0/Jenkinsfile
INFO:root:Github blob hash: 78c91a26ddb0edbfc01a05560f4992b21952ef80
INFO:root:raw_url: https://raw.githubusercontent.com/General-Meow/mySharesGenerator/78c91a26ddb0edbfc01a05560f4992b21952ef80/Jenkinsfile
INFO:root:Github blob hash: f56cc9765cb28bb1964f33b29f5de97c8670d54c
INFO:root:raw_url: https://raw.githubusercontent.com/s-nao/news_app_frontend/f56cc9765cb28bb1964f33b29f5de97c8670d54c/Jenkinsfile
INFO:root:Github blob hash: 745ba32a3e6951e1b4767651110cbfabebb20106
INFO:root:raw_url: https://raw.githubusercontent.com/cs1193/zeplin.ui/745ba32a3e6951e1b4767651110cbfabebb20106/Jenkinsfile
INFO:root:Github blob hash: 944c4526edc3699a33a75f1d573569a4a8bc50a1
INFO:root:raw_url: https://raw.githubusercontent.com/cs1193/angular.ui.seed/944c4526edc3699a33a75f1d573569a4a8bc50a1/Jenkinsfile
INFO:root:Github blob hash: f91b202689a78f7fa82cc89dd4644e88c8edba18
INFO:root:raw_url: https://raw.githubusercontent.com/axtstar/sbt-bootstrap.g8/f91b202689a78f7fa82cc89dd4644e88c8edba18/Jenkinsfile
INFO:root:Github blob hash: 8600f1ff258a89f5742ffad4d5f589fd1def5259
INFO:root:raw_url: https://raw.githubusercontent.com/arnulfojr/money-manager/8600f1ff258a89f5742ffad4d5f589fd1def5259/Jenkinsfile
DEBUG:urllib3.connectionpool:Starting new HTTPS connection (1): raw.githubusercontent.com
DEBUG:urllib3.connectionpool:https://raw.githubusercontent.com:443 "GET /Daxtrange/chamans-tribus/822d93c5f77cd895df001079a85956af5c7ab94b/Jenkinsfile HTTP/1.1" 200 32
DEBUG:urllib3.connectionpool:Starting new HTTPS connection (1): raw.githubusercontent.com
DEBUG:urllib3.connectionpool:https://raw.githubusercontent.com:443 "GET /LimAyo/remotePrivate/99757013ed73ea3f147100a4715db18c22834483/jenkinsfile HTTP/1.1" 200 29
DEBUG:urllib3.connectionpool:Starting new HTTPS connection (1): raw.githubusercontent.com
DEBUG:urllib3.connectionpool:https://raw.githubusercontent.com:443 "GET /refi-veritas/rest-cicd-interview/97c8efcbbc523dbeb6ef0f9abce14dfcdfa66322/Jenkinsfile HTTP/1.1" 200 30
DEBUG:urllib3.connectionpool:Starting new HTTPS connection (1): raw.githubusercontent.com
DEBUG:urllib3.connectionpool:https://raw.githubusercontent.com:443 "GET /QualiSystemsLab/CloudShellLive-CI-Integration/cb331a24ec56d9d9e9fc213e51ef444e586dece0/Jenkinsfile HTTP/1.1" 200 29
DEBUG:urllib3.connectionpool:Starting new HTTPS connection (1): raw.githubusercontent.com
DEBUG:urllib3.connectionpool:https://raw.githubusercontent.com:443 "GET /General-Meow/mySharesGenerator/78c91a26ddb0edbfc01a05560f4992b21952ef80/Jenkinsfile HTTP/1.1" 200 29
DEBUG:urllib3.connectionpool:Starting new HTTPS connection (1): raw.githubusercontent.com
DEBUG:urllib3.connectionpool:https://raw.githubusercontent.com:443 "GET /s-nao/news_app_frontend/f56cc9765cb28bb1964f33b29f5de97c8670d54c/Jenkinsfile HTTP/1.1" 200 31
DEBUG:urllib3.connectionpool:Starting new HTTPS connection (1): raw.githubusercontent.com
DEBUG:urllib3.connectionpool:https://raw.githubusercontent.com:443 "GET /cs1193/zeplin.ui/745ba32a3e6951e1b4767651110cbfabebb20106/Jenkinsfile HTTP/1.1" 200 30
DEBUG:urllib3.connectionpool:Starting new HTTPS connection (1): raw.githubusercontent.com
DEBUG:urllib3.connectionpool:https://raw.githubusercontent.com:443 "GET /cs1193/angular.ui.seed/944c4526edc3699a33a75f1d573569a4a8bc50a1/Jenkinsfile HTTP/1.1" 200 30
DEBUG:urllib3.connectionpool:Starting new HTTPS connection (1): raw.githubusercontent.com
DEBUG:urllib3.connectionpool:https://raw.githubusercontent.com:443 "GET /axtstar/sbt-bootstrap.g8/f91b202689a78f7fa82cc89dd4644e88c8edba18/Jenkinsfile HTTP/1.1" 404 15
DEBUG:urllib3.connectionpool:Starting new HTTPS connection (1): raw.githubusercontent.com
DEBUG:urllib3.connectionpool:https://raw.githubusercontent.com:443 "GET /arnulfojr/money-manager/8600f1ff258a89f5742ffad4d5f589fd1def5259/Jenkinsfile HTTP/1.1" 200 41
INFO:root:beginning of log file
INFO:root:GITHUB_USERNAME: virenmody
INFO:root:GITHUB_ACCESS_TOKEN: feec9be9b75ded7680e74e1be28b47c50564c2ac
INFO:root:LOCAL_CLONED_REPO_PATH: /home/guillermo/cs540/cloned_repos/
INFO:root:DB_PATH: /home/guillermo/cs540/guillermo_rojas_hernandez_viren_mody_courseproject/src/
INFO:github3:Building a url from ('https://api.github.com', 'search', 'code')
INFO:github3:Missed the cache building the url
DEBUG:github3:GET https://api.github.com/search/code with {'headers': {}, 'params': {'per_page': 10, 'q': 'filename:jenkinsfile q=node'}}
DEBUG:urllib3.connectionpool:Starting new HTTPS connection (1): api.github.com
DEBUG:urllib3.connectionpool:https://api.github.com:443 "GET /search/code?per_page=10&q=filename%3Ajenkinsfile+q%3Dnode HTTP/1.1" 200 None
INFO:github3:JSON was returned
INFO:root:Github blob hash: 822d93c5f77cd895df001079a85956af5c7ab94b
DEBUG:github3:GET https://api.github.com/rate_limit with {}
DEBUG:urllib3.connectionpool:https://api.github.com:443 "GET /rate_limit HTTP/1.1" 200 None
INFO:github3:JSON was returned
INFO:root:raw_url: https://raw.githubusercontent.com/Daxtrange/chamans-tribus/822d93c5f77cd895df001079a85956af5c7ab94b/Jenkinsfile
INFO:root:Github blob hash: 99757013ed73ea3f147100a4715db18c22834483
DEBUG:github3:GET https://api.github.com/rate_limit with {}
DEBUG:urllib3.connectionpool:https://api.github.com:443 "GET /rate_limit HTTP/1.1" 200 None
INFO:github3:JSON was returned
INFO:root:raw_url: https://raw.githubusercontent.com/LimAyo/remotePrivate/99757013ed73ea3f147100a4715db18c22834483/jenkinsfile
INFO:root:Github blob hash: 97c8efcbbc523dbeb6ef0f9abce14dfcdfa66322
DEBUG:github3:GET https://api.github.com/rate_limit with {}
DEBUG:urllib3.connectionpool:https://api.github.com:443 "GET /rate_limit HTTP/1.1" 200 None
INFO:github3:JSON was returned
INFO:root:raw_url: https://raw.githubusercontent.com/refi-veritas/rest-cicd-interview/97c8efcbbc523dbeb6ef0f9abce14dfcdfa66322/Jenkinsfile
INFO:root:Github blob hash: cb331a24ec56d9d9e9fc213e51ef444e586dece0
DEBUG:github3:GET https://api.github.com/rate_limit with {}
DEBUG:urllib3.connectionpool:https://api.github.com:443 "GET /rate_limit HTTP/1.1" 200 None
INFO:github3:JSON was returned
INFO:root:raw_url: https://raw.githubusercontent.com/QualiSystemsLab/CloudShellLive-CI-Integration/cb331a24ec56d9d9e9fc213e51ef444e586dece0/Jenkinsfile
INFO:root:Github blob hash: 78c91a26ddb0edbfc01a05560f4992b21952ef80
DEBUG:github3:GET https://api.github.com/rate_limit with {}
DEBUG:urllib3.connectionpool:https://api.github.com:443 "GET /rate_limit HTTP/1.1" 200 None
INFO:github3:JSON was returned
INFO:root:raw_url: https://raw.githubusercontent.com/General-Meow/mySharesGenerator/78c91a26ddb0edbfc01a05560f4992b21952ef80/Jenkinsfile
INFO:root:Github blob hash: f56cc9765cb28bb1964f33b29f5de97c8670d54c
DEBUG:github3:GET https://api.github.com/rate_limit with {}
DEBUG:urllib3.connectionpool:https://api.github.com:443 "GET /rate_limit HTTP/1.1" 200 None
INFO:github3:JSON was returned
INFO:root:raw_url: https://raw.githubusercontent.com/s-nao/news_app_frontend/f56cc9765cb28bb1964f33b29f5de97c8670d54c/Jenkinsfile
INFO:root:Github blob hash: 745ba32a3e6951e1b4767651110cbfabebb20106
DEBUG:github3:GET https://api.github.com/rate_limit with {}
DEBUG:urllib3.connectionpool:https://api.github.com:443 "GET /rate_limit HTTP/1.1" 200 None
INFO:github3:JSON was returned
INFO:root:raw_url: https://raw.githubusercontent.com/cs1193/zeplin.ui/745ba32a3e6951e1b4767651110cbfabebb20106/Jenkinsfile
INFO:root:Github blob hash: 944c4526edc3699a33a75f1d573569a4a8bc50a1
DEBUG:github3:GET https://api.github.com/rate_limit with {}
DEBUG:urllib3.connectionpool:https://api.github.com:443 "GET /rate_limit HTTP/1.1" 200 None
INFO:github3:JSON was returned
INFO:root:raw_url: https://raw.githubusercontent.com/cs1193/angular.ui.seed/944c4526edc3699a33a75f1d573569a4a8bc50a1/Jenkinsfile
INFO:root:Github blob hash: f91b202689a78f7fa82cc89dd4644e88c8edba18
DEBUG:github3:GET https://api.github.com/rate_limit with {}
DEBUG:urllib3.connectionpool:https://api.github.com:443 "GET /rate_limit HTTP/1.1" 200 None
INFO:github3:JSON was returned
INFO:root:raw_url: https://raw.githubusercontent.com/axtstar/sbt-bootstrap.g8/f91b202689a78f7fa82cc89dd4644e88c8edba18/Jenkinsfile
INFO:root:Github blob hash: 8600f1ff258a89f5742ffad4d5f589fd1def5259
DEBUG:github3:GET https://api.github.com/rate_limit with {}
DEBUG:urllib3.connectionpool:https://api.github.com:443 "GET /rate_limit HTTP/1.1" 200 None
INFO:github3:JSON was returned
INFO:root:beginning of log file
INFO:root:GITHUB_USERNAME: virenmody
INFO:root:GITHUB_ACCESS_TOKEN: feec9be9b75ded7680e74e1be28b47c50564c2ac
INFO:root:LOCAL_CLONED_REPO_PATH: /home/guillermo/cs540/cloned_repos/
INFO:root:DB_PATH: /home/guillermo/cs540/guillermo_rojas_hernandez_viren_mody_courseproject/src/
INFO:github3:Building a url from ('https://api.github.com', 'search', 'code')
INFO:github3:Missed the cache building the url
DEBUG:github3:GET https://api.github.com/search/code with {'headers': {}, 'params': {'q': 'filename:jenkinsfile q=node', 'per_page': 10}}
DEBUG:urllib3.connectionpool:Starting new HTTPS connection (1): api.github.com
DEBUG:urllib3.connectionpool:https://api.github.com:443 "GET /search/code?q=filename%3Ajenkinsfile+q%3Dnode&per_page=10 HTTP/1.1" 200 None
INFO:github3:JSON was returned
INFO:root:Github blob hash: 822d93c5f77cd895df001079a85956af5c7ab94b
INFO:root:raw_url: https://raw.githubusercontent.com/Daxtrange/chamans-tribus/822d93c5f77cd895df001079a85956af5c7ab94b/Jenkinsfile
INFO:root:Github blob hash: 99757013ed73ea3f147100a4715db18c22834483
INFO:root:raw_url: https://raw.githubusercontent.com/LimAyo/remotePrivate/99757013ed73ea3f147100a4715db18c22834483/jenkinsfile
INFO:root:Github blob hash: 97c8efcbbc523dbeb6ef0f9abce14dfcdfa66322
INFO:root:raw_url: https://raw.githubusercontent.com/refi-veritas/rest-cicd-interview/97c8efcbbc523dbeb6ef0f9abce14dfcdfa66322/Jenkinsfile
INFO:root:Github blob hash: cb331a24ec56d9d9e9fc213e51ef444e586dece0
INFO:root:raw_url: https://raw.githubusercontent.com/QualiSystemsLab/CloudShellLive-CI-Integration/cb331a24ec56d9d9e9fc213e51ef444e586dece0/Jenkinsfile
INFO:root:Github blob hash: 78c91a26ddb0edbfc01a05560f4992b21952ef80
INFO:root:raw_url: https://raw.githubusercontent.com/General-Meow/mySharesGenerator/78c91a26ddb0edbfc01a05560f4992b21952ef80/Jenkinsfile
INFO:root:Github blob hash: f56cc9765cb28bb1964f33b29f5de97c8670d54c
INFO:root:raw_url: https://raw.githubusercontent.com/s-nao/news_app_frontend/f56cc9765cb28bb1964f33b29f5de97c8670d54c/Jenkinsfile
INFO:root:Github blob hash: 745ba32a3e6951e1b4767651110cbfabebb20106
INFO:root:raw_url: https://raw.githubusercontent.com/cs1193/zeplin.ui/745ba32a3e6951e1b4767651110cbfabebb20106/Jenkinsfile
INFO:root:Github blob hash: 944c4526edc3699a33a75f1d573569a4a8bc50a1
INFO:root:raw_url: https://raw.githubusercontent.com/cs1193/angular.ui.seed/944c4526edc3699a33a75f1d573569a4a8bc50a1/Jenkinsfile
INFO:root:Github blob hash: f91b202689a78f7fa82cc89dd4644e88c8edba18
INFO:root:raw_url: https://raw.githubusercontent.com/axtstar/sbt-bootstrap.g8/f91b202689a78f7fa82cc89dd4644e88c8edba18/src/main/g8/Jenkinsfile
INFO:root:Github blob hash: 8600f1ff258a89f5742ffad4d5f589fd1def5259
INFO:root:raw_url: https://raw.githubusercontent.com/arnulfojr/money-manager/8600f1ff258a89f5742ffad4d5f589fd1def5259/config/jenkins/Jenkinsfile
DEBUG:urllib3.connectionpool:Starting new HTTPS connection (1): raw.githubusercontent.com
DEBUG:urllib3.connectionpool:https://raw.githubusercontent.com:443 "GET /Daxtrange/chamans-tribus/822d93c5f77cd895df001079a85956af5c7ab94b/Jenkinsfile HTTP/1.1" 200 32
DEBUG:urllib3.connectionpool:Starting new HTTPS connection (1): raw.githubusercontent.com
DEBUG:urllib3.connectionpool:https://raw.githubusercontent.com:443 "GET /LimAyo/remotePrivate/99757013ed73ea3f147100a4715db18c22834483/jenkinsfile HTTP/1.1" 200 29
DEBUG:urllib3.connectionpool:Starting new HTTPS connection (1): raw.githubusercontent.com
DEBUG:urllib3.connectionpool:https://raw.githubusercontent.com:443 "GET /refi-veritas/rest-cicd-interview/97c8efcbbc523dbeb6ef0f9abce14dfcdfa66322/Jenkinsfile HTTP/1.1" 200 30
DEBUG:urllib3.connectionpool:Starting new HTTPS connection (1): raw.githubusercontent.com
DEBUG:urllib3.connectionpool:https://raw.githubusercontent.com:443 "GET /QualiSystemsLab/CloudShellLive-CI-Integration/cb331a24ec56d9d9e9fc213e51ef444e586dece0/Jenkinsfile HTTP/1.1" 200 29
DEBUG:urllib3.connectionpool:Starting new HTTPS connection (1): raw.githubusercontent.com
DEBUG:urllib3.connectionpool:https://raw.githubusercontent.com:443 "GET /General-Meow/mySharesGenerator/78c91a26ddb0edbfc01a05560f4992b21952ef80/Jenkinsfile HTTP/1.1" 200 29
DEBUG:urllib3.connectionpool:Starting new HTTPS connection (1): raw.githubusercontent.com
DEBUG:urllib3.connectionpool:https://raw.githubusercontent.com:443 "GET /s-nao/news_app_frontend/f56cc9765cb28bb1964f33b29f5de97c8670d54c/Jenkinsfile HTTP/1.1" 200 31
DEBUG:urllib3.connectionpool:Starting new HTTPS connection (1): raw.githubusercontent.com
DEBUG:urllib3.connectionpool:https://raw.githubusercontent.com:443 "GET /cs1193/zeplin.ui/745ba32a3e6951e1b4767651110cbfabebb20106/Jenkinsfile HTTP/1.1" 200 30
DEBUG:urllib3.connectionpool:Starting new HTTPS connection (1): raw.githubusercontent.com
DEBUG:urllib3.connectionpool:https://raw.githubusercontent.com:443 "GET /cs1193/angular.ui.seed/944c4526edc3699a33a75f1d573569a4a8bc50a1/Jenkinsfile HTTP/1.1" 200 30
DEBUG:urllib3.connectionpool:Starting new HTTPS connection (1): raw.githubusercontent.com
DEBUG:urllib3.connectionpool:https://raw.githubusercontent.com:443 "GET /axtstar/sbt-bootstrap.g8/f91b202689a78f7fa82cc89dd4644e88c8edba18/src/main/g8/Jenkinsfile HTTP/1.1" 200 33
DEBUG:urllib3.connectionpool:Starting new HTTPS connection (1): raw.githubusercontent.com
DEBUG:urllib3.connectionpool:https://raw.githubusercontent.com:443 "GET /arnulfojr/money-manager/8600f1ff258a89f5742ffad4d5f589fd1def5259/config/jenkins/Jenkinsfile HTTP/1.1" 200 45
INFO:root:beginning of log file
INFO:root:GITHUB_USERNAME: virenmody
INFO:root:GITHUB_ACCESS_TOKEN: feec9be9b75ded7680e74e1be28b47c50564c2ac
INFO:root:LOCAL_CLONED_REPO_PATH: /home/guillermo/cs540/cloned_repos/
INFO:root:DB_PATH: /home/guillermo/cs540/guillermo_rojas_hernandez_viren_mody_courseproject/src/
INFO:github3:Building a url from ('https://api.github.com', 'search', 'code')
INFO:github3:Missed the cache building the url
DEBUG:github3:GET https://api.github.com/search/code with {'headers': {}, 'params': {'q': 'filename:jenkinsfile q=node', 'per_page': 10}}
DEBUG:urllib3.connectionpool:Starting new HTTPS connection (1): api.github.com
DEBUG:urllib3.connectionpool:https://api.github.com:443 "GET /search/code?q=filename%3Ajenkinsfile+q%3Dnode&per_page=10 HTTP/1.1" 200 None
INFO:github3:JSON was returned
INFO:root:Github blob hash: 822d93c5f77cd895df001079a85956af5c7ab94b
INFO:root:raw_url: https://raw.githubusercontent.com/Daxtrange/chamans-tribus/822d93c5f77cd895df001079a85956af5c7ab94b/Jenkinsfile
INFO:root:Github blob hash: 99757013ed73ea3f147100a4715db18c22834483
INFO:root:raw_url: https://raw.githubusercontent.com/LimAyo/remotePrivate/99757013ed73ea3f147100a4715db18c22834483/jenkinsfile
INFO:root:Github blob hash: 97c8efcbbc523dbeb6ef0f9abce14dfcdfa66322
INFO:root:raw_url: https://raw.githubusercontent.com/refi-veritas/rest-cicd-interview/97c8efcbbc523dbeb6ef0f9abce14dfcdfa66322/Jenkinsfile
INFO:root:Github blob hash: cb331a24ec56d9d9e9fc213e51ef444e586dece0
INFO:root:raw_url: https://raw.githubusercontent.com/QualiSystemsLab/CloudShellLive-CI-Integration/cb331a24ec56d9d9e9fc213e51ef444e586dece0/Jenkinsfile
INFO:root:Github blob hash: 78c91a26ddb0edbfc01a05560f4992b21952ef80
INFO:root:raw_url: https://raw.githubusercontent.com/General-Meow/mySharesGenerator/78c91a26ddb0edbfc01a05560f4992b21952ef80/Jenkinsfile
INFO:root:Github blob hash: f56cc9765cb28bb1964f33b29f5de97c8670d54c
INFO:root:raw_url: https://raw.githubusercontent.com/s-nao/news_app_frontend/f56cc9765cb28bb1964f33b29f5de97c8670d54c/Jenkinsfile
INFO:root:Github blob hash: 745ba32a3e6951e1b4767651110cbfabebb20106
INFO:root:raw_url: https://raw.githubusercontent.com/cs1193/zeplin.ui/745ba32a3e6951e1b4767651110cbfabebb20106/Jenkinsfile
INFO:root:Github blob hash: 944c4526edc3699a33a75f1d573569a4a8bc50a1
INFO:root:raw_url: https://raw.githubusercontent.com/cs1193/angular.ui.seed/944c4526edc3699a33a75f1d573569a4a8bc50a1/Jenkinsfile
INFO:root:Github blob hash: f91b202689a78f7fa82cc89dd4644e88c8edba18
INFO:root:raw_url: https://raw.githubusercontent.com/axtstar/sbt-bootstrap.g8/f91b202689a78f7fa82cc89dd4644e88c8edba18/src/main/g8/Jenkinsfile
INFO:root:Github blob hash: 8600f1ff258a89f5742ffad4d5f589fd1def5259
INFO:root:raw_url: https://raw.githubusercontent.com/arnulfojr/money-manager/8600f1ff258a89f5742ffad4d5f589fd1def5259/config/jenkins/Jenkinsfile
INFO:root:[(<CodeSearchResult [Jenkinsfile]>, 'https://raw.githubusercontent.com/Daxtrange/chamans-tribus/822d93c5f77cd895df001079a85956af5c7ab94b/Jenkinsfile'), (<CodeSearchResult [jenkinsfile]>, 'https://raw.githubusercontent.com/LimAyo/remotePrivate/99757013ed73ea3f147100a4715db18c22834483/jenkinsfile'), (<CodeSearchResult [Jenkinsfile]>, 'https://raw.githubusercontent.com/refi-veritas/rest-cicd-interview/97c8efcbbc523dbeb6ef0f9abce14dfcdfa66322/Jenkinsfile'), (<CodeSearchResult [Jenkinsfile]>, 'https://raw.githubusercontent.com/QualiSystemsLab/CloudShellLive-CI-Integration/cb331a24ec56d9d9e9fc213e51ef444e586dece0/Jenkinsfile'), (<CodeSearchResult [Jenkinsfile]>, 'https://raw.githubusercontent.com/General-Meow/mySharesGenerator/78c91a26ddb0edbfc01a05560f4992b21952ef80/Jenkinsfile'), (<CodeSearchResult [Jenkinsfile]>, 'https://raw.githubusercontent.com/s-nao/news_app_frontend/f56cc9765cb28bb1964f33b29f5de97c8670d54c/Jenkinsfile'), (<CodeSearchResult [Jenkinsfile]>, 'https://raw.githubusercontent.com/cs1193/zeplin.ui/745ba32a3e6951e1b4767651110cbfabebb20106/Jenkinsfile'), (<CodeSearchResult [Jenkinsfile]>, 'https://raw.githubusercontent.com/cs1193/angular.ui.seed/944c4526edc3699a33a75f1d573569a4a8bc50a1/Jenkinsfile'), (<CodeSearchResult [src/main/g8/Jenkinsfile]>, 'https://raw.githubusercontent.com/axtstar/sbt-bootstrap.g8/f91b202689a78f7fa82cc89dd4644e88c8edba18/src/main/g8/Jenkinsfile'), (<CodeSearchResult [config/jenkins/Jenkinsfile]>, 'https://raw.githubusercontent.com/arnulfojr/money-manager/8600f1ff258a89f5742ffad4d5f589fd1def5259/config/jenkins/Jenkinsfile')]
DEBUG:urllib3.connectionpool:Starting new HTTPS connection (1): raw.githubusercontent.com
DEBUG:urllib3.connectionpool:https://raw.githubusercontent.com:443 "GET /Daxtrange/chamans-tribus/822d93c5f77cd895df001079a85956af5c7ab94b/Jenkinsfile HTTP/1.1" 200 32
DEBUG:root:node {
 

}

DEBUG:urllib3.connectionpool:Starting new HTTPS connection (1): raw.githubusercontent.com
DEBUG:urllib3.connectionpool:https://raw.githubusercontent.com:443 "GET /LimAyo/remotePrivate/99757013ed73ea3f147100a4715db18c22834483/jenkinsfile HTTP/1.1" 200 29
DEBUG:root:node{

}

DEBUG:urllib3.connectionpool:Starting new HTTPS connection (1): raw.githubusercontent.com
DEBUG:urllib3.connectionpool:https://raw.githubusercontent.com:443 "GET /refi-veritas/rest-cicd-interview/97c8efcbbc523dbeb6ef0f9abce14dfcdfa66322/Jenkinsfile HTTP/1.1" 200 30
DEBUG:root:node {





}

DEBUG:urllib3.connectionpool:Starting new HTTPS connection (1): raw.githubusercontent.com
DEBUG:urllib3.connectionpool:https://raw.githubusercontent.com:443 "GET /QualiSystemsLab/CloudShellLive-CI-Integration/cb331a24ec56d9d9e9fc213e51ef444e586dece0/Jenkinsfile HTTP/1.1" 200 29
DEBUG:root:node {

}
DEBUG:urllib3.connectionpool:Starting new HTTPS connection (1): raw.githubusercontent.com
DEBUG:urllib3.connectionpool:https://raw.githubusercontent.com:443 "GET /General-Meow/mySharesGenerator/78c91a26ddb0edbfc01a05560f4992b21952ef80/Jenkinsfile HTTP/1.1" 200 29
DEBUG:root:node {
}

DEBUG:urllib3.connectionpool:Starting new HTTPS connection (1): raw.githubusercontent.com
DEBUG:urllib3.connectionpool:https://raw.githubusercontent.com:443 "GET /s-nao/news_app_frontend/f56cc9765cb28bb1964f33b29f5de97c8670d54c/Jenkinsfile HTTP/1.1" 200 31
DEBUG:root:node {
    
}
DEBUG:urllib3.connectionpool:Starting new HTTPS connection (1): raw.githubusercontent.com
DEBUG:urllib3.connectionpool:https://raw.githubusercontent.com:443 "GET /cs1193/zeplin.ui/745ba32a3e6951e1b4767651110cbfabebb20106/Jenkinsfile HTTP/1.1" 200 30
DEBUG:root:node {

}

DEBUG:urllib3.connectionpool:Starting new HTTPS connection (1): raw.githubusercontent.com
DEBUG:urllib3.connectionpool:https://raw.githubusercontent.com:443 "GET /cs1193/angular.ui.seed/944c4526edc3699a33a75f1d573569a4a8bc50a1/Jenkinsfile HTTP/1.1" 200 30
DEBUG:root:node {

}

DEBUG:urllib3.connectionpool:Starting new HTTPS connection (1): raw.githubusercontent.com
DEBUG:urllib3.connectionpool:https://raw.githubusercontent.com:443 "GET /axtstar/sbt-bootstrap.g8/f91b202689a78f7fa82cc89dd4644e88c8edba18/src/main/g8/Jenkinsfile HTTP/1.1" 200 33
DEBUG:root:node {
    
}
DEBUG:urllib3.connectionpool:Starting new HTTPS connection (1): raw.githubusercontent.com
DEBUG:urllib3.connectionpool:https://raw.githubusercontent.com:443 "GET /arnulfojr/money-manager/8600f1ff258a89f5742ffad4d5f589fd1def5259/config/jenkins/Jenkinsfile HTTP/1.1" 200 45
DEBUG:root:properties([])

node {
}

INFO:root:beginning of log file
INFO:root:GITHUB_USERNAME: virenmody
INFO:root:GITHUB_ACCESS_TOKEN: feec9be9b75ded7680e74e1be28b47c50564c2ac
INFO:root:LOCAL_CLONED_REPO_PATH: /home/guillermo/cs540/cloned_repos/
INFO:root:DB_PATH: /home/guillermo/cs540/guillermo_rojas_hernandez_viren_mody_courseproject/src/
INFO:github3:Building a url from ('https://api.github.com', 'search', 'code')
INFO:github3:Missed the cache building the url
DEBUG:github3:GET https://api.github.com/search/code with {'params': {'per_page': 10, 'q': 'filename:jenkinsfile q=node'}, 'headers': {}}
DEBUG:urllib3.connectionpool:Starting new HTTPS connection (1): api.github.com
DEBUG:urllib3.connectionpool:https://api.github.com:443 "GET /search/code?per_page=10&q=filename%3Ajenkinsfile+q%3Dnode HTTP/1.1" 200 None
INFO:github3:JSON was returned
DEBUG:root:Github blob hash: 822d93c5f77cd895df001079a85956af5c7ab94b
DEBUG:root:raw_url: https://raw.githubusercontent.com/Daxtrange/chamans-tribus/822d93c5f77cd895df001079a85956af5c7ab94b/Jenkinsfile
DEBUG:root:Github blob hash: 99757013ed73ea3f147100a4715db18c22834483
DEBUG:root:raw_url: https://raw.githubusercontent.com/LimAyo/remotePrivate/99757013ed73ea3f147100a4715db18c22834483/jenkinsfile
DEBUG:root:Github blob hash: 97c8efcbbc523dbeb6ef0f9abce14dfcdfa66322
DEBUG:root:raw_url: https://raw.githubusercontent.com/refi-veritas/rest-cicd-interview/97c8efcbbc523dbeb6ef0f9abce14dfcdfa66322/Jenkinsfile
DEBUG:root:Github blob hash: cb331a24ec56d9d9e9fc213e51ef444e586dece0
DEBUG:root:raw_url: https://raw.githubusercontent.com/QualiSystemsLab/CloudShellLive-CI-Integration/cb331a24ec56d9d9e9fc213e51ef444e586dece0/Jenkinsfile
DEBUG:root:Github blob hash: 78c91a26ddb0edbfc01a05560f4992b21952ef80
DEBUG:root:raw_url: https://raw.githubusercontent.com/General-Meow/mySharesGenerator/78c91a26ddb0edbfc01a05560f4992b21952ef80/Jenkinsfile
DEBUG:root:Github blob hash: f56cc9765cb28bb1964f33b29f5de97c8670d54c
DEBUG:root:raw_url: https://raw.githubusercontent.com/s-nao/news_app_frontend/f56cc9765cb28bb1964f33b29f5de97c8670d54c/Jenkinsfile
DEBUG:root:Github blob hash: 745ba32a3e6951e1b4767651110cbfabebb20106
DEBUG:root:raw_url: https://raw.githubusercontent.com/cs1193/zeplin.ui/745ba32a3e6951e1b4767651110cbfabebb20106/Jenkinsfile
DEBUG:root:Github blob hash: 944c4526edc3699a33a75f1d573569a4a8bc50a1
DEBUG:root:raw_url: https://raw.githubusercontent.com/cs1193/angular.ui.seed/944c4526edc3699a33a75f1d573569a4a8bc50a1/Jenkinsfile
DEBUG:root:Github blob hash: f91b202689a78f7fa82cc89dd4644e88c8edba18
DEBUG:root:raw_url: https://raw.githubusercontent.com/axtstar/sbt-bootstrap.g8/f91b202689a78f7fa82cc89dd4644e88c8edba18/src/main/g8/Jenkinsfile
DEBUG:root:Github blob hash: 8600f1ff258a89f5742ffad4d5f589fd1def5259
DEBUG:root:raw_url: https://raw.githubusercontent.com/arnulfojr/money-manager/8600f1ff258a89f5742ffad4d5f589fd1def5259/config/jenkins/Jenkinsfile
INFO:root:Results from GitHub: [(<CodeSearchResult [Jenkinsfile]>, 'https://raw.githubusercontent.com/Daxtrange/chamans-tribus/822d93c5f77cd895df001079a85956af5c7ab94b/Jenkinsfile'), (<CodeSearchResult [jenkinsfile]>, 'https://raw.githubusercontent.com/LimAyo/remotePrivate/99757013ed73ea3f147100a4715db18c22834483/jenkinsfile'), (<CodeSearchResult [Jenkinsfile]>, 'https://raw.githubusercontent.com/refi-veritas/rest-cicd-interview/97c8efcbbc523dbeb6ef0f9abce14dfcdfa66322/Jenkinsfile'), (<CodeSearchResult [Jenkinsfile]>, 'https://raw.githubusercontent.com/QualiSystemsLab/CloudShellLive-CI-Integration/cb331a24ec56d9d9e9fc213e51ef444e586dece0/Jenkinsfile'), (<CodeSearchResult [Jenkinsfile]>, 'https://raw.githubusercontent.com/General-Meow/mySharesGenerator/78c91a26ddb0edbfc01a05560f4992b21952ef80/Jenkinsfile'), (<CodeSearchResult [Jenkinsfile]>, 'https://raw.githubusercontent.com/s-nao/news_app_frontend/f56cc9765cb28bb1964f33b29f5de97c8670d54c/Jenkinsfile'), (<CodeSearchResult [Jenkinsfile]>, 'https://raw.githubusercontent.com/cs1193/zeplin.ui/745ba32a3e6951e1b4767651110cbfabebb20106/Jenkinsfile'), (<CodeSearchResult [Jenkinsfile]>, 'https://raw.githubusercontent.com/cs1193/angular.ui.seed/944c4526edc3699a33a75f1d573569a4a8bc50a1/Jenkinsfile'), (<CodeSearchResult [src/main/g8/Jenkinsfile]>, 'https://raw.githubusercontent.com/axtstar/sbt-bootstrap.g8/f91b202689a78f7fa82cc89dd4644e88c8edba18/src/main/g8/Jenkinsfile'), (<CodeSearchResult [config/jenkins/Jenkinsfile]>, 'https://raw.githubusercontent.com/arnulfojr/money-manager/8600f1ff258a89f5742ffad4d5f589fd1def5259/config/jenkins/Jenkinsfile')]
DEBUG:urllib3.connectionpool:Starting new HTTPS connection (1): raw.githubusercontent.com
DEBUG:urllib3.connectionpool:https://raw.githubusercontent.com:443 "GET /Daxtrange/chamans-tribus/822d93c5f77cd895df001079a85956af5c7ab94b/Jenkinsfile HTTP/1.1" 200 32
DEBUG:root:node {
 

}

DEBUG:urllib3.connectionpool:Starting new HTTPS connection (1): raw.githubusercontent.com
DEBUG:urllib3.connectionpool:https://raw.githubusercontent.com:443 "GET /LimAyo/remotePrivate/99757013ed73ea3f147100a4715db18c22834483/jenkinsfile HTTP/1.1" 200 29
DEBUG:root:node{

}

DEBUG:urllib3.connectionpool:Starting new HTTPS connection (1): raw.githubusercontent.com
DEBUG:urllib3.connectionpool:https://raw.githubusercontent.com:443 "GET /refi-veritas/rest-cicd-interview/97c8efcbbc523dbeb6ef0f9abce14dfcdfa66322/Jenkinsfile HTTP/1.1" 200 30
DEBUG:root:node {





}

DEBUG:urllib3.connectionpool:Starting new HTTPS connection (1): raw.githubusercontent.com
DEBUG:urllib3.connectionpool:https://raw.githubusercontent.com:443 "GET /QualiSystemsLab/CloudShellLive-CI-Integration/cb331a24ec56d9d9e9fc213e51ef444e586dece0/Jenkinsfile HTTP/1.1" 200 29
DEBUG:root:node {

}
DEBUG:urllib3.connectionpool:Starting new HTTPS connection (1): raw.githubusercontent.com
DEBUG:urllib3.connectionpool:https://raw.githubusercontent.com:443 "GET /General-Meow/mySharesGenerator/78c91a26ddb0edbfc01a05560f4992b21952ef80/Jenkinsfile HTTP/1.1" 200 29
DEBUG:root:node {
}

DEBUG:urllib3.connectionpool:Starting new HTTPS connection (1): raw.githubusercontent.com
DEBUG:urllib3.connectionpool:https://raw.githubusercontent.com:443 "GET /s-nao/news_app_frontend/f56cc9765cb28bb1964f33b29f5de97c8670d54c/Jenkinsfile HTTP/1.1" 200 31
DEBUG:root:node {
    
}
DEBUG:urllib3.connectionpool:Starting new HTTPS connection (1): raw.githubusercontent.com
DEBUG:urllib3.connectionpool:https://raw.githubusercontent.com:443 "GET /cs1193/zeplin.ui/745ba32a3e6951e1b4767651110cbfabebb20106/Jenkinsfile HTTP/1.1" 200 30
DEBUG:root:node {

}

DEBUG:urllib3.connectionpool:Starting new HTTPS connection (1): raw.githubusercontent.com
DEBUG:urllib3.connectionpool:https://raw.githubusercontent.com:443 "GET /cs1193/angular.ui.seed/944c4526edc3699a33a75f1d573569a4a8bc50a1/Jenkinsfile HTTP/1.1" 200 30
DEBUG:root:node {

}

DEBUG:urllib3.connectionpool:Starting new HTTPS connection (1): raw.githubusercontent.com
DEBUG:urllib3.connectionpool:https://raw.githubusercontent.com:443 "GET /axtstar/sbt-bootstrap.g8/f91b202689a78f7fa82cc89dd4644e88c8edba18/src/main/g8/Jenkinsfile HTTP/1.1" 200 33
DEBUG:root:node {
    
}
DEBUG:urllib3.connectionpool:Starting new HTTPS connection (1): raw.githubusercontent.com
DEBUG:urllib3.connectionpool:https://raw.githubusercontent.com:443 "GET /arnulfojr/money-manager/8600f1ff258a89f5742ffad4d5f589fd1def5259/config/jenkins/Jenkinsfile HTTP/1.1" 200 45
DEBUG:root:properties([])

node {
}

INFO:root:beginning of log file
INFO:root:GITHUB_USERNAME: virenmody
INFO:root:GITHUB_ACCESS_TOKEN: feec9be9b75ded7680e74e1be28b47c50564c2ac
INFO:root:LOCAL_CLONED_REPO_PATH: /home/guillermo/cs540/cloned_repos/
INFO:root:DB_PATH: /home/guillermo/cs540/guillermo_rojas_hernandez_viren_mody_courseproject/src/
INFO:root:beginning of log file
INFO:root:GITHUB_USERNAME: virenmody
INFO:root:GITHUB_ACCESS_TOKEN: feec9be9b75ded7680e74e1be28b47c50564c2ac
INFO:root:LOCAL_CLONED_REPO_PATH: /home/guillermo/cs540/cloned_repos/
INFO:root:DB_PATH: /home/guillermo/cs540/guillermo_rojas_hernandez_viren_mody_courseproject/src/
INFO:github3:Building a url from ('https://api.github.com', 'search', 'code')
INFO:github3:Missed the cache building the url
DEBUG:github3:GET https://api.github.com/search/code with {'headers': {}, 'params': {'per_page': 10, 'q': 'filename:jenkinsfile q=node'}}
DEBUG:urllib3.connectionpool:Starting new HTTPS connection (1): api.github.com
DEBUG:urllib3.connectionpool:https://api.github.com:443 "GET /search/code?per_page=10&q=filename%3Ajenkinsfile+q%3Dnode HTTP/1.1" 200 None
INFO:github3:JSON was returned
DEBUG:root:Github blob hash: 822d93c5f77cd895df001079a85956af5c7ab94b
DEBUG:root:raw_url: https://raw.githubusercontent.com/Daxtrange/chamans-tribus/822d93c5f77cd895df001079a85956af5c7ab94b/Jenkinsfile
DEBUG:root:Github blob hash: 99757013ed73ea3f147100a4715db18c22834483
DEBUG:root:raw_url: https://raw.githubusercontent.com/LimAyo/remotePrivate/99757013ed73ea3f147100a4715db18c22834483/jenkinsfile
DEBUG:root:Github blob hash: 97c8efcbbc523dbeb6ef0f9abce14dfcdfa66322
DEBUG:root:raw_url: https://raw.githubusercontent.com/refi-veritas/rest-cicd-interview/97c8efcbbc523dbeb6ef0f9abce14dfcdfa66322/Jenkinsfile
DEBUG:root:Github blob hash: cb331a24ec56d9d9e9fc213e51ef444e586dece0
DEBUG:root:raw_url: https://raw.githubusercontent.com/QualiSystemsLab/CloudShellLive-CI-Integration/cb331a24ec56d9d9e9fc213e51ef444e586dece0/Jenkinsfile
DEBUG:root:Github blob hash: 78c91a26ddb0edbfc01a05560f4992b21952ef80
DEBUG:root:raw_url: https://raw.githubusercontent.com/General-Meow/mySharesGenerator/78c91a26ddb0edbfc01a05560f4992b21952ef80/Jenkinsfile
DEBUG:root:Github blob hash: f56cc9765cb28bb1964f33b29f5de97c8670d54c
DEBUG:root:raw_url: https://raw.githubusercontent.com/s-nao/news_app_frontend/f56cc9765cb28bb1964f33b29f5de97c8670d54c/Jenkinsfile
DEBUG:root:Github blob hash: 745ba32a3e6951e1b4767651110cbfabebb20106
DEBUG:root:raw_url: https://raw.githubusercontent.com/cs1193/zeplin.ui/745ba32a3e6951e1b4767651110cbfabebb20106/Jenkinsfile
DEBUG:root:Github blob hash: 944c4526edc3699a33a75f1d573569a4a8bc50a1
DEBUG:root:raw_url: https://raw.githubusercontent.com/cs1193/angular.ui.seed/944c4526edc3699a33a75f1d573569a4a8bc50a1/Jenkinsfile
DEBUG:root:Github blob hash: f91b202689a78f7fa82cc89dd4644e88c8edba18
DEBUG:root:raw_url: https://raw.githubusercontent.com/axtstar/sbt-bootstrap.g8/f91b202689a78f7fa82cc89dd4644e88c8edba18/src/main/g8/Jenkinsfile
DEBUG:root:Github blob hash: 8600f1ff258a89f5742ffad4d5f589fd1def5259
DEBUG:root:raw_url: https://raw.githubusercontent.com/arnulfojr/money-manager/8600f1ff258a89f5742ffad4d5f589fd1def5259/config/jenkins/Jenkinsfile
INFO:root:Results from hw3_utils.search_by_code: [(<CodeSearchResult [Jenkinsfile]>, 'https://raw.githubusercontent.com/Daxtrange/chamans-tribus/822d93c5f77cd895df001079a85956af5c7ab94b/Jenkinsfile'), (<CodeSearchResult [jenkinsfile]>, 'https://raw.githubusercontent.com/LimAyo/remotePrivate/99757013ed73ea3f147100a4715db18c22834483/jenkinsfile'), (<CodeSearchResult [Jenkinsfile]>, 'https://raw.githubusercontent.com/refi-veritas/rest-cicd-interview/97c8efcbbc523dbeb6ef0f9abce14dfcdfa66322/Jenkinsfile'), (<CodeSearchResult [Jenkinsfile]>, 'https://raw.githubusercontent.com/QualiSystemsLab/CloudShellLive-CI-Integration/cb331a24ec56d9d9e9fc213e51ef444e586dece0/Jenkinsfile'), (<CodeSearchResult [Jenkinsfile]>, 'https://raw.githubusercontent.com/General-Meow/mySharesGenerator/78c91a26ddb0edbfc01a05560f4992b21952ef80/Jenkinsfile'), (<CodeSearchResult [Jenkinsfile]>, 'https://raw.githubusercontent.com/s-nao/news_app_frontend/f56cc9765cb28bb1964f33b29f5de97c8670d54c/Jenkinsfile'), (<CodeSearchResult [Jenkinsfile]>, 'https://raw.githubusercontent.com/cs1193/zeplin.ui/745ba32a3e6951e1b4767651110cbfabebb20106/Jenkinsfile'), (<CodeSearchResult [Jenkinsfile]>, 'https://raw.githubusercontent.com/cs1193/angular.ui.seed/944c4526edc3699a33a75f1d573569a4a8bc50a1/Jenkinsfile'), (<CodeSearchResult [src/main/g8/Jenkinsfile]>, 'https://raw.githubusercontent.com/axtstar/sbt-bootstrap.g8/f91b202689a78f7fa82cc89dd4644e88c8edba18/src/main/g8/Jenkinsfile'), (<CodeSearchResult [config/jenkins/Jenkinsfile]>, 'https://raw.githubusercontent.com/arnulfojr/money-manager/8600f1ff258a89f5742ffad4d5f589fd1def5259/config/jenkins/Jenkinsfile')]
DEBUG:urllib3.connectionpool:Starting new HTTPS connection (1): raw.githubusercontent.com
DEBUG:urllib3.connectionpool:https://raw.githubusercontent.com:443 "GET /Daxtrange/chamans-tribus/822d93c5f77cd895df001079a85956af5c7ab94b/Jenkinsfile HTTP/1.1" 200 32
DEBUG:root:node {
 

}

DEBUG:urllib3.connectionpool:Starting new HTTPS connection (1): raw.githubusercontent.com
DEBUG:urllib3.connectionpool:https://raw.githubusercontent.com:443 "GET /LimAyo/remotePrivate/99757013ed73ea3f147100a4715db18c22834483/jenkinsfile HTTP/1.1" 200 29
DEBUG:root:node{

}

DEBUG:urllib3.connectionpool:Starting new HTTPS connection (1): raw.githubusercontent.com
DEBUG:urllib3.connectionpool:https://raw.githubusercontent.com:443 "GET /refi-veritas/rest-cicd-interview/97c8efcbbc523dbeb6ef0f9abce14dfcdfa66322/Jenkinsfile HTTP/1.1" 200 30
DEBUG:root:node {





}

DEBUG:urllib3.connectionpool:Starting new HTTPS connection (1): raw.githubusercontent.com
DEBUG:urllib3.connectionpool:https://raw.githubusercontent.com:443 "GET /QualiSystemsLab/CloudShellLive-CI-Integration/cb331a24ec56d9d9e9fc213e51ef444e586dece0/Jenkinsfile HTTP/1.1" 200 29
DEBUG:root:node {

}
DEBUG:urllib3.connectionpool:Starting new HTTPS connection (1): raw.githubusercontent.com
DEBUG:urllib3.connectionpool:https://raw.githubusercontent.com:443 "GET /General-Meow/mySharesGenerator/78c91a26ddb0edbfc01a05560f4992b21952ef80/Jenkinsfile HTTP/1.1" 200 29
DEBUG:root:node {
}

DEBUG:urllib3.connectionpool:Starting new HTTPS connection (1): raw.githubusercontent.com
DEBUG:urllib3.connectionpool:https://raw.githubusercontent.com:443 "GET /s-nao/news_app_frontend/f56cc9765cb28bb1964f33b29f5de97c8670d54c/Jenkinsfile HTTP/1.1" 200 31
DEBUG:root:node {
    
}
DEBUG:urllib3.connectionpool:Starting new HTTPS connection (1): raw.githubusercontent.com
DEBUG:urllib3.connectionpool:https://raw.githubusercontent.com:443 "GET /cs1193/zeplin.ui/745ba32a3e6951e1b4767651110cbfabebb20106/Jenkinsfile HTTP/1.1" 200 30
DEBUG:root:node {

}

DEBUG:urllib3.connectionpool:Starting new HTTPS connection (1): raw.githubusercontent.com
DEBUG:urllib3.connectionpool:https://raw.githubusercontent.com:443 "GET /cs1193/angular.ui.seed/944c4526edc3699a33a75f1d573569a4a8bc50a1/Jenkinsfile HTTP/1.1" 200 30
DEBUG:root:node {

}

DEBUG:urllib3.connectionpool:Starting new HTTPS connection (1): raw.githubusercontent.com
DEBUG:urllib3.connectionpool:https://raw.githubusercontent.com:443 "GET /axtstar/sbt-bootstrap.g8/f91b202689a78f7fa82cc89dd4644e88c8edba18/src/main/g8/Jenkinsfile HTTP/1.1" 200 33
DEBUG:root:node {
    
}
DEBUG:urllib3.connectionpool:Starting new HTTPS connection (1): raw.githubusercontent.com
DEBUG:urllib3.connectionpool:https://raw.githubusercontent.com:443 "GET /arnulfojr/money-manager/8600f1ff258a89f5742ffad4d5f589fd1def5259/config/jenkins/Jenkinsfile HTTP/1.1" 200 45
DEBUG:root:properties([])

node {
}

